TN:
SF:/home/aspl/Desktop/code-coverage/Avyantra/src/polyfills.ts
FNF:0
FNH:0
LF:0
LH:0
BRF:0
BRH:0
end_of_record
TN:
SF:/home/aspl/Desktop/code-coverage/Avyantra/src/test.ts
FNF:0
FNH:0
DA:13,1
DA:18,1
DA:20,1
LF:3
LH:3
BRF:0
BRH:0
end_of_record
TN:
SF:/home/aspl/Desktop/code-coverage/Avyantra/src/app/app-routing.module.ts
FN:112,AppRoutingModule
FNF:1
FNH:0
FNDA:0,AppRoutingModule
DA:112,1
LF:1
LH:1
BRF:0
BRH:0
end_of_record
TN:
SF:/home/aspl/Desktop/code-coverage/Avyantra/src/app/app.component.ts
FN:13,AppComponent
FN:17,(anonymous_2)
FN:23,(anonymous_3)
FN:24,(anonymous_4)
FNF:4
FNH:1
FNDA:2,AppComponent
FNDA:0,(anonymous_2)
FNDA:0,(anonymous_3)
FNDA:0,(anonymous_4)
DA:10,1
DA:11,2
DA:12,2
DA:13,2
DA:14,2
DA:17,1
DA:23,1
DA:24,0
DA:26,0
DA:28,0
DA:32,1
LF:11
LH:8
BRF:0
BRH:0
end_of_record
TN:
SF:/home/aspl/Desktop/code-coverage/Avyantra/src/app/dashboard/dashboard.component.ts
FN:31,DashboardComponent
FN:54,(anonymous_2)
FN:62,(anonymous_3)
FN:67,(anonymous_4)
FN:72,(anonymous_5)
FN:83,(anonymous_6)
FN:88,(anonymous_7)
FN:96,(anonymous_8)
FN:104,(anonymous_9)
FN:113,(anonymous_10)
FN:117,(anonymous_11)
FN:122,(anonymous_12)
FN:127,(anonymous_13)
FN:137,(anonymous_14)
FN:141,(anonymous_15)
FN:147,(anonymous_16)
FN:154,(anonymous_17)
FN:168,(anonymous_18)
FN:175,(anonymous_19)
FN:180,(anonymous_20)
FN:189,(anonymous_21)
FN:195,(anonymous_22)
FN:238,(anonymous_23)
FN:255,(anonymous_24)
FN:257,(anonymous_25)
FN:264,(anonymous_26)
FN:282,(anonymous_27)
FN:290,(anonymous_28)
FNF:28
FNH:16
FNDA:12,DashboardComponent
FNDA:12,(anonymous_2)
FNDA:12,(anonymous_3)
FNDA:12,(anonymous_4)
FNDA:1,(anonymous_5)
FNDA:0,(anonymous_6)
FNDA:0,(anonymous_7)
FNDA:0,(anonymous_8)
FNDA:0,(anonymous_9)
FNDA:1,(anonymous_10)
FNDA:1,(anonymous_11)
FNDA:0,(anonymous_12)
FNDA:1,(anonymous_13)
FNDA:1,(anonymous_14)
FNDA:1,(anonymous_15)
FNDA:0,(anonymous_16)
FNDA:0,(anonymous_17)
FNDA:0,(anonymous_18)
FNDA:1,(anonymous_19)
FNDA:1,(anonymous_20)
FNDA:0,(anonymous_21)
FNDA:3,(anonymous_22)
FNDA:2,(anonymous_23)
FNDA:0,(anonymous_24)
FNDA:0,(anonymous_25)
FNDA:0,(anonymous_26)
FNDA:1,(anonymous_27)
FNDA:1,(anonymous_28)
DA:19,1
DA:22,12
DA:26,12
DA:27,12
DA:28,12
DA:32,12
DA:33,12
DA:34,12
DA:35,12
DA:36,12
DA:37,12
DA:38,12
DA:39,12
DA:40,12
DA:44,12
DA:45,12
DA:46,12
DA:47,12
DA:50,12
DA:52,12
DA:54,12
DA:55,12
DA:56,12
DA:57,12
DA:59,12
DA:60,12
DA:61,12
DA:62,12
DA:63,12
DA:64,12
DA:67,12
DA:68,12
DA:72,1
DA:73,1
DA:74,1
DA:75,1
DA:76,1
DA:77,1
DA:78,1
DA:79,1
DA:80,1
DA:83,1
DA:84,0
DA:85,0
DA:88,1
DA:89,0
DA:91,0
DA:92,0
DA:96,1
DA:97,0
DA:98,0
DA:99,0
DA:104,1
DA:105,0
DA:106,0
DA:108,0
DA:109,0
DA:110,0
DA:113,1
DA:114,1
DA:117,1
DA:120,1
DA:122,1
DA:124,0
DA:127,1
DA:128,1
DA:129,1
DA:130,1
DA:131,1
DA:132,1
DA:133,1
DA:134,1
DA:137,1
DA:138,1
DA:141,1
DA:142,1
DA:143,1
DA:144,1
DA:147,1
DA:148,0
DA:150,0
DA:151,0
DA:152,0
DA:153,0
DA:156,0
DA:157,0
DA:159,0
DA:160,0
DA:161,0
DA:163,0
DA:164,0
DA:165,0
DA:169,0
DA:175,1
DA:176,1
DA:177,1
DA:178,1
DA:179,1
DA:181,1
DA:185,1
DA:190,0
DA:195,1
DA:196,3
DA:197,3
DA:198,3
DA:200,2
DA:201,2
DA:204,2
DA:205,2
DA:208,2
DA:209,2
DA:212,2
DA:213,2
DA:216,2
DA:217,2
DA:220,2
DA:221,2
DA:224,2
DA:225,2
DA:228,2
DA:229,2
DA:232,2
DA:233,2
DA:235,1
DA:238,1
DA:240,1
DA:243,1
DA:255,1
DA:256,0
DA:257,0
DA:259,0
DA:260,0
DA:263,0
DA:264,0
DA:265,0
DA:268,0
DA:269,0
DA:270,0
DA:275,0
DA:276,0
DA:282,1
DA:283,1
DA:284,1
DA:285,1
DA:286,1
DA:287,1
DA:290,1
DA:291,1
DA:292,1
DA:293,1
DA:294,1
DA:296,1
LF:152
LH:111
BRDA:59,0,0,12
BRDA:59,0,1,0
BRDA:99,1,0,0
BRDA:99,1,1,0
BRF:4
BRH:1
end_of_record
TN:
SF:/home/aspl/Desktop/code-coverage/Avyantra/src/app/dashboard/antibiotic-administration/antibiotic-administration.component.ts
FN:61,AntibioticAdministrationComponent
FN:75,(anonymous_2)
FN:84,(anonymous_3)
FN:121,(anonymous_4)
FN:156,(anonymous_5)
FN:236,(anonymous_6)
FN:340,(anonymous_7)
FN:348,(anonymous_8)
FN:359,(anonymous_9)
FN:365,(anonymous_10)
FN:374,(anonymous_11)
FN:378,(anonymous_12)
FN:382,(anonymous_13)
FN:394,(anonymous_14)
FN:406,(anonymous_15)
FN:424,(anonymous_16)
FN:441,(anonymous_17)
FN:453,(anonymous_18)
FN:471,(anonymous_19)
FN:484,(anonymous_20)
FN:493,(anonymous_21)
FN:503,(anonymous_22)
FN:507,(anonymous_23)
FN:512,(anonymous_24)
FN:518,(anonymous_25)
FN:522,(anonymous_26)
FN:530,(anonymous_27)
FN:531,(anonymous_28)
FN:541,(anonymous_29)
FN:549,(anonymous_30)
FN:555,(anonymous_31)
FN:566,(anonymous_32)
FN:573,(anonymous_33)
FNF:33
FNH:26
FNDA:23,AntibioticAdministrationComponent
FNDA:2,(anonymous_2)
FNDA:25,(anonymous_3)
FNDA:25,(anonymous_4)
FNDA:1,(anonymous_5)
FNDA:9,(anonymous_6)
FNDA:1,(anonymous_7)
FNDA:1,(anonymous_8)
FNDA:1,(anonymous_9)
FNDA:1,(anonymous_10)
FNDA:1,(anonymous_11)
FNDA:1,(anonymous_12)
FNDA:2,(anonymous_13)
FNDA:2,(anonymous_14)
FNDA:2,(anonymous_15)
FNDA:0,(anonymous_16)
FNDA:1,(anonymous_17)
FNDA:3,(anonymous_18)
FNDA:2,(anonymous_19)
FNDA:0,(anonymous_20)
FNDA:0,(anonymous_21)
FNDA:0,(anonymous_22)
FNDA:0,(anonymous_23)
FNDA:1,(anonymous_24)
FNDA:2,(anonymous_25)
FNDA:1,(anonymous_26)
FNDA:23,(anonymous_27)
FNDA:72,(anonymous_28)
FNDA:73,(anonymous_29)
FNDA:0,(anonymous_30)
FNDA:0,(anonymous_31)
FNDA:1,(anonymous_32)
FNDA:1,(anonymous_33)
DA:20,1
DA:22,23
DA:26,23
DA:27,23
DA:28,23
DA:29,23
DA:30,23
DA:31,23
DA:33,23
DA:34,23
DA:35,23
DA:36,23
DA:37,23
DA:38,23
DA:40,23
DA:43,23
DA:44,23
DA:45,23
DA:47,1
DA:48,1
DA:53,23
DA:55,23
DA:59,23
DA:62,23
DA:63,23
DA:64,23
DA:65,23
DA:66,23
DA:67,23
DA:68,23
DA:69,23
DA:70,23
DA:72,23
DA:75,1
DA:77,1
DA:80,0
DA:84,1
DA:85,25
DA:86,25
DA:87,25
DA:88,25
DA:89,25
DA:90,25
DA:92,1
DA:93,1
DA:97,0
DA:98,0
DA:100,24
DA:102,25
DA:104,25
DA:115,25
DA:121,1
DA:122,25
DA:123,25
DA:124,25
DA:125,25
DA:126,25
DA:127,25
DA:128,25
DA:130,25
DA:132,25
DA:156,1
DA:157,1
DA:158,1
DA:160,1
DA:161,1
DA:162,1
DA:164,0
DA:168,0
DA:170,1
DA:174,0
DA:175,0
DA:176,0
DA:177,0
DA:178,0
DA:180,1
DA:184,0
DA:186,1
DA:187,1
DA:191,0
DA:193,1
DA:197,0
DA:198,0
DA:199,0
DA:200,0
DA:201,0
DA:203,1
DA:209,0
DA:211,1
DA:214,1
DA:236,1
DA:237,9
DA:238,9
DA:241,1
DA:242,1
DA:246,1
DA:249,1
DA:255,1
DA:256,1
DA:260,1
DA:261,1
DA:263,1
DA:264,1
DA:265,1
DA:266,1
DA:268,1
DA:269,1
DA:270,1
DA:271,1
DA:272,1
DA:276,1
DA:282,1
DA:283,1
DA:284,1
DA:287,1
DA:290,1
DA:291,1
DA:293,0
DA:294,0
DA:300,1
DA:301,1
DA:305,1
DA:308,1
DA:314,1
DA:315,1
DA:319,1
DA:320,1
DA:322,1
DA:323,1
DA:324,1
DA:325,1
DA:327,1
DA:328,1
DA:329,1
DA:330,1
DA:331,1
DA:335,1
DA:340,1
DA:342,1
DA:343,1
DA:344,1
DA:348,1
DA:350,1
DA:353,1
DA:354,1
DA:355,1
DA:359,1
DA:360,1
DA:361,1
DA:362,1
DA:365,1
DA:366,1
DA:369,1
DA:370,1
DA:371,1
DA:374,1
DA:375,1
DA:378,1
DA:379,1
DA:382,1
DA:383,2
DA:385,1
DA:386,1
DA:387,1
DA:389,1
DA:390,1
DA:394,1
DA:395,2
DA:396,2
DA:397,2
DA:399,1
DA:401,1
DA:402,1
DA:403,1
DA:406,1
DA:407,2
DA:411,0
DA:412,0
DA:414,0
DA:416,2
DA:417,2
DA:418,2
DA:424,1
DA:425,0
DA:426,0
DA:429,0
DA:430,0
DA:441,1
DA:442,1
DA:444,1
DA:453,1
DA:454,3
DA:459,1
DA:461,1
DA:463,1
DA:471,1
DA:472,2
DA:477,1
DA:479,1
DA:484,1
DA:485,0
DA:487,0
DA:489,0
DA:493,1
DA:494,0
DA:498,0
DA:499,0
DA:501,0
DA:502,0
DA:504,0
DA:505,0
DA:508,0
DA:512,1
DA:513,1
DA:514,1
DA:515,1
DA:518,1
DA:519,2
DA:522,1
DA:523,1
DA:524,1
DA:525,1
DA:526,1
DA:527,1
DA:530,23
DA:531,23
DA:533,69
DA:536,3
DA:541,1
DA:542,73
DA:544,1
DA:549,1
DA:550,0
DA:552,0
DA:555,0
DA:557,0
DA:560,0
DA:566,1
DA:567,1
DA:568,1
DA:569,1
DA:573,1
DA:574,1
DA:575,1
DA:577,0
DA:579,1
DA:583,1
DA:587,1
DA:591,1
DA:595,1
DA:598,1
LF:251
LH:207
BRDA:173,0,0,1
BRDA:173,0,1,1
BRDA:196,1,0,1
BRDA:196,1,1,1
BRDA:238,2,0,9
BRDA:238,2,1,0
BRDA:238,2,2,0
BRDA:418,3,0,0
BRDA:418,3,1,2
BRDA:426,4,0,0
BRDA:426,4,1,0
BRDA:456,5,0,3
BRDA:456,5,1,2
BRDA:474,6,0,2
BRDA:474,6,1,1
BRF:15
BRH:10
end_of_record
TN:
SF:/home/aspl/Desktop/code-coverage/Avyantra/src/app/dashboard/baby-appear/baby-appear.component.ts
FN:49,BabyAppearComponent
FN:61,(anonymous_2)
FN:67,(anonymous_3)
FN:73,(anonymous_4)
FN:79,(anonymous_5)
FN:104,(anonymous_6)
FN:127,(anonymous_7)
FN:162,(anonymous_8)
FN:256,(anonymous_9)
FN:323,(anonymous_10)
FN:329,(anonymous_11)
FN:332,(anonymous_12)
FN:336,(anonymous_13)
FN:349,(anonymous_14)
FN:352,(anonymous_15)
FN:372,(anonymous_16)
FN:399,(anonymous_17)
FN:411,(anonymous_18)
FN:429,(anonymous_19)
FN:442,(anonymous_20)
FN:455,(anonymous_21)
FN:465,(anonymous_22)
FN:468,(anonymous_23)
FN:475,(anonymous_24)
FN:519,(anonymous_25)
FN:526,(anonymous_26)
FN:530,(anonymous_27)
FN:538,(anonymous_28)
FN:539,(anonymous_29)
FN:557,(anonymous_30)
FN:566,(anonymous_31)
FN:581,(anonymous_32)
FNF:32
FNH:28
FNDA:20,BabyAppearComponent
FNDA:2,(anonymous_2)
FNDA:20,(anonymous_3)
FNDA:3,(anonymous_4)
FNDA:20,(anonymous_5)
FNDA:1,(anonymous_6)
FNDA:21,(anonymous_7)
FNDA:3,(anonymous_8)
FNDA:3,(anonymous_9)
FNDA:1,(anonymous_10)
FNDA:1,(anonymous_11)
FNDA:1,(anonymous_12)
FNDA:2,(anonymous_13)
FNDA:0,(anonymous_14)
FNDA:1,(anonymous_15)
FNDA:2,(anonymous_16)
FNDA:0,(anonymous_17)
FNDA:3,(anonymous_18)
FNDA:2,(anonymous_19)
FNDA:1,(anonymous_20)
FNDA:1,(anonymous_21)
FNDA:1,(anonymous_22)
FNDA:0,(anonymous_23)
FNDA:2,(anonymous_24)
FNDA:1,(anonymous_25)
FNDA:1,(anonymous_26)
FNDA:1,(anonymous_27)
FNDA:21,(anonymous_28)
FNDA:53,(anonymous_29)
FNDA:1,(anonymous_30)
FNDA:0,(anonymous_31)
FNDA:1,(anonymous_32)
DA:20,1
DA:23,20
DA:24,20
DA:25,20
DA:26,20
DA:27,20
DA:28,20
DA:29,20
DA:31,20
DA:32,20
DA:33,20
DA:34,20
DA:36,1
DA:37,1
DA:44,20
DA:45,20
DA:46,20
DA:49,20
DA:50,20
DA:51,20
DA:52,20
DA:53,20
DA:54,20
DA:55,20
DA:56,20
DA:57,20
DA:58,20
DA:60,20
DA:61,20
DA:63,0
DA:67,1
DA:69,20
DA:73,1
DA:75,0
DA:79,1
DA:80,20
DA:81,20
DA:82,20
DA:83,20
DA:84,20
DA:85,20
DA:90,0
DA:91,0
DA:95,0
DA:96,0
DA:100,20
DA:101,20
DA:104,1
DA:105,1
DA:106,1
DA:107,1
DA:108,1
DA:109,1
DA:110,1
DA:112,0
DA:113,0
DA:117,0
DA:118,0
DA:122,1
DA:123,1
DA:124,1
DA:127,1
DA:128,21
DA:129,21
DA:130,21
DA:162,1
DA:163,3
DA:165,2
DA:167,1
DA:171,2
DA:172,2
DA:173,2
DA:174,2
DA:175,2
DA:177,1
DA:181,2
DA:182,2
DA:183,2
DA:185,1
DA:188,2
DA:189,2
DA:190,2
DA:191,2
DA:192,2
DA:196,1
DA:197,1
DA:198,1
DA:201,1
DA:203,1
DA:209,2
DA:210,2
DA:211,2
DA:212,2
DA:213,2
DA:217,1
DA:218,1
DA:219,1
DA:222,1
DA:223,1
DA:228,3
DA:256,1
DA:257,3
DA:258,3
DA:262,1
DA:263,1
DA:267,0
DA:270,0
DA:276,1
DA:277,1
DA:280,1
DA:282,1
DA:283,1
DA:285,0
DA:286,0
DA:287,0
DA:288,0
DA:296,1
DA:297,1
DA:301,1
DA:302,1
DA:304,1
DA:305,1
DA:306,1
DA:307,1
DA:309,0
DA:310,0
DA:311,0
DA:312,0
DA:313,0
DA:317,0
DA:323,1
DA:324,1
DA:325,1
DA:329,1
DA:330,1
DA:332,1
DA:333,1
DA:336,1
DA:337,2
DA:338,2
DA:340,1
DA:341,1
DA:342,1
DA:344,1
DA:345,1
DA:346,1
DA:349,1
DA:352,1
DA:353,1
DA:354,1
DA:355,1
DA:358,1
DA:360,0
DA:361,0
DA:362,0
DA:372,1
DA:373,2
DA:377,1
DA:378,1
DA:379,1
DA:381,1
DA:383,0
DA:384,0
DA:399,1
DA:400,0
DA:402,0
DA:411,1
DA:412,3
DA:417,1
DA:419,0
DA:421,2
DA:429,1
DA:430,2
DA:435,0
DA:437,2
DA:442,1
DA:443,1
DA:445,0
DA:447,1
DA:455,1
DA:456,1
DA:460,0
DA:461,0
DA:463,1
DA:464,1
DA:466,1
DA:469,0
DA:475,1
DA:476,2
DA:480,1
DA:481,1
DA:482,1
DA:483,1
DA:484,1
DA:489,0
DA:490,0
DA:491,0
DA:494,0
DA:500,1
DA:501,1
DA:505,1
DA:506,1
DA:507,1
DA:509,0
DA:510,0
DA:513,0
DA:514,0
DA:519,1
DA:520,1
DA:521,1
DA:522,1
DA:526,1
DA:527,1
DA:530,1
DA:531,1
DA:532,1
DA:533,1
DA:534,1
DA:535,1
DA:538,21
DA:539,21
DA:541,49
DA:543,0
DA:544,0
DA:548,4
DA:550,0
DA:551,0
DA:557,1
DA:558,1
DA:559,1
DA:560,1
DA:562,1
DA:564,0
DA:565,0
DA:568,0
DA:570,0
DA:574,0
DA:575,0
DA:581,1
DA:583,1
DA:587,1
DA:591,1
DA:595,1
DA:599,1
DA:602,1
LF:245
LH:192
BRDA:170,0,0,3
BRDA:170,0,1,1
BRDA:258,1,0,3
BRDA:258,1,1,0
BRDA:258,1,2,0
BRDA:414,2,0,3
BRDA:414,2,1,1
BRDA:432,3,0,2
BRDA:432,3,1,0
BRF:9
BRH:6
end_of_record
TN:
SF:/home/aspl/Desktop/code-coverage/Avyantra/src/app/dashboard/baby-cns/baby-cns.component.ts
FN:41,BabyCnsComponent
FN:54,(anonymous_2)
FN:75,(anonymous_3)
FN:80,(anonymous_4)
FN:91,(anonymous_5)
FN:103,(anonymous_6)
FN:106,(anonymous_7)
FN:110,(anonymous_8)
FN:122,(anonymous_9)
FN:133,(anonymous_10)
FN:144,(anonymous_11)
FN:154,(anonymous_12)
FN:159,(anonymous_13)
FN:164,(anonymous_14)
FN:170,(anonymous_15)
FN:174,(anonymous_16)
FN:182,(anonymous_17)
FN:183,(anonymous_18)
FN:201,(anonymous_19)
FN:206,(anonymous_20)
FN:217,(anonymous_21)
FNF:21
FNH:15
FNDA:14,BabyCnsComponent
FNDA:16,(anonymous_2)
FNDA:0,(anonymous_3)
FNDA:16,(anonymous_4)
FNDA:1,(anonymous_5)
FNDA:1,(anonymous_6)
FNDA:1,(anonymous_7)
FNDA:2,(anonymous_8)
FNDA:2,(anonymous_9)
FNDA:1,(anonymous_10)
FNDA:0,(anonymous_11)
FNDA:0,(anonymous_12)
FNDA:0,(anonymous_13)
FNDA:1,(anonymous_14)
FNDA:1,(anonymous_15)
FNDA:1,(anonymous_16)
FNDA:15,(anonymous_17)
FNDA:8,(anonymous_18)
FNDA:0,(anonymous_19)
FNDA:0,(anonymous_20)
FNDA:1,(anonymous_21)
DA:18,1
DA:21,14
DA:22,14
DA:23,14
DA:24,14
DA:25,14
DA:26,14
DA:28,1
DA:29,1
DA:33,14
DA:35,14
DA:39,14
DA:42,14
DA:43,14
DA:44,14
DA:45,14
DA:46,14
DA:47,14
DA:48,14
DA:49,14
DA:51,14
DA:54,16
DA:55,16
DA:56,16
DA:57,16
DA:58,16
DA:60,16
DA:61,16
DA:62,16
DA:64,1
DA:65,1
DA:69,0
DA:70,0
DA:72,15
DA:75,16
DA:76,0
DA:80,1
DA:81,16
DA:82,16
DA:91,1
DA:92,1
DA:93,1
DA:103,1
DA:104,1
DA:106,1
DA:107,1
DA:110,1
DA:111,2
DA:113,1
DA:114,1
DA:115,1
DA:117,1
DA:118,1
DA:122,1
DA:123,2
DA:124,2
DA:126,1
DA:128,1
DA:129,1
DA:130,1
DA:133,1
DA:134,1
DA:136,1
DA:137,1
DA:138,1
DA:139,1
DA:144,1
DA:145,0
DA:149,0
DA:150,0
DA:152,0
DA:153,0
DA:155,0
DA:156,0
DA:157,0
DA:160,0
DA:164,1
DA:165,1
DA:166,1
DA:167,1
DA:170,1
DA:171,1
DA:174,1
DA:175,1
DA:176,1
DA:177,1
DA:178,1
DA:179,1
DA:182,15
DA:183,15
DA:185,6
DA:187,0
DA:188,0
DA:192,2
DA:194,0
DA:195,0
DA:201,1
DA:203,0
DA:206,0
DA:208,0
DA:211,0
DA:217,1
DA:218,1
DA:219,1
DA:220,1
DA:223,1
LF:106
LH:86
BRF:0
BRH:0
end_of_record
TN:
SF:/home/aspl/Desktop/code-coverage/Avyantra/src/app/dashboard/baby-cv/baby-cv.component.ts
FN:28,BabyCvComponent
FN:41,(anonymous_2)
FN:64,(anonymous_3)
FN:92,(anonymous_4)
FN:153,(anonymous_5)
FN:257,(anonymous_6)
FN:260,(anonymous_7)
FN:264,(anonymous_8)
FN:277,(anonymous_9)
FN:290,(anonymous_10)
FN:300,(anonymous_11)
FN:306,(anonymous_12)
FN:307,(anonymous_13)
FN:310,(anonymous_14)
FN:315,(anonymous_15)
FN:319,(anonymous_16)
FN:327,(anonymous_17)
FN:328,(anonymous_18)
FN:345,(anonymous_19)
FN:358,(anonymous_20)
FNF:20
FNH:18
FNDA:22,BabyCvComponent
FNDA:23,(anonymous_2)
FNDA:23,(anonymous_3)
FNDA:3,(anonymous_4)
FNDA:5,(anonymous_5)
FNDA:1,(anonymous_6)
FNDA:1,(anonymous_7)
FNDA:2,(anonymous_8)
FNDA:1,(anonymous_9)
FNDA:2,(anonymous_10)
FNDA:1,(anonymous_11)
FNDA:1,(anonymous_12)
FNDA:0,(anonymous_13)
FNDA:1,(anonymous_14)
FNDA:1,(anonymous_15)
FNDA:1,(anonymous_16)
FNDA:23,(anonymous_17)
FNDA:34,(anonymous_18)
FNDA:1,(anonymous_19)
FNDA:0,(anonymous_20)
DA:19,1
DA:20,22
DA:21,22
DA:22,22
DA:23,22
DA:24,22
DA:29,22
DA:30,22
DA:31,22
DA:32,22
DA:33,22
DA:34,22
DA:35,22
DA:36,22
DA:38,22
DA:41,1
DA:42,23
DA:43,23
DA:44,23
DA:45,23
DA:46,23
DA:48,23
DA:49,23
DA:52,0
DA:53,0
DA:57,0
DA:58,0
DA:61,23
DA:64,1
DA:65,23
DA:67,23
DA:68,23
DA:69,23
DA:70,23
DA:71,23
DA:73,23
DA:92,1
DA:93,3
DA:96,2
DA:97,2
DA:98,2
DA:100,1
DA:104,2
DA:105,2
DA:106,2
DA:108,1
DA:112,2
DA:113,2
DA:114,2
DA:116,1
DA:120,2
DA:121,2
DA:122,2
DA:124,1
DA:128,2
DA:130,1
DA:133,3
DA:153,1
DA:154,5
DA:155,5
DA:158,1
DA:159,1
DA:162,1
DA:164,1
DA:165,1
DA:167,0
DA:168,0
DA:169,0
DA:170,0
DA:178,1
DA:179,1
DA:182,1
DA:184,1
DA:185,1
DA:187,0
DA:188,0
DA:189,0
DA:192,0
DA:198,1
DA:199,1
DA:202,1
DA:204,1
DA:205,1
DA:207,0
DA:208,0
DA:209,0
DA:212,0
DA:218,1
DA:219,1
DA:222,1
DA:224,1
DA:225,1
DA:227,0
DA:228,0
DA:229,0
DA:232,0
DA:238,1
DA:239,1
DA:242,1
DA:244,1
DA:245,1
DA:247,0
DA:248,0
DA:249,0
DA:250,0
DA:257,1
DA:258,1
DA:260,1
DA:261,1
DA:264,1
DA:265,2
DA:267,1
DA:268,1
DA:271,1
DA:272,1
DA:277,1
DA:278,1
DA:279,1
DA:280,1
DA:281,0
DA:282,0
DA:283,0
DA:284,0
DA:285,0
DA:286,0
DA:287,0
DA:290,1
DA:291,2
DA:293,1
DA:294,1
DA:295,1
DA:296,1
DA:300,1
DA:301,1
DA:303,0
DA:304,1
DA:305,1
DA:306,1
DA:307,0
DA:310,1
DA:311,1
DA:312,1
DA:313,1
DA:315,1
DA:316,1
DA:319,1
DA:320,1
DA:321,1
DA:322,1
DA:323,1
DA:324,1
DA:327,23
DA:328,23
DA:330,33
DA:332,0
DA:333,0
DA:336,1
DA:338,0
DA:339,0
DA:345,1
DA:346,1
DA:347,1
DA:349,1
DA:351,0
DA:352,0
DA:353,0
DA:354,0
DA:355,0
DA:357,0
DA:360,0
DA:362,0
DA:363,0
DA:364,0
DA:369,1
LF:174
LH:127
BRDA:155,0,0,5
BRDA:155,0,1,0
BRDA:155,0,2,0
BRF:3
BRH:1
end_of_record
TN:
SF:/home/aspl/Desktop/code-coverage/Avyantra/src/app/dashboard/baby-git/baby-git.component.ts
FN:25,BabyGitComponent
FN:30,(anonymous_2)
FN:49,(anonymous_3)
FN:62,(anonymous_4)
FN:81,(anonymous_5)
FN:97,(anonymous_6)
FN:99,(anonymous_7)
FN:101,(anonymous_8)
FN:111,(anonymous_9)
FN:122,(anonymous_10)
FN:132,(anonymous_11)
FN:138,(anonymous_12)
FN:139,(anonymous_13)
FN:142,(anonymous_14)
FN:145,(anonymous_15)
FN:148,(anonymous_16)
FN:155,(anonymous_17)
FN:156,(anonymous_18)
FN:172,(anonymous_19)
FN:182,(anonymous_20)
FN:192,(anonymous_21)
FN:196,(anonymous_22)
FNF:22
FNH:20
FNDA:19,BabyGitComponent
FNDA:20,(anonymous_2)
FNDA:19,(anonymous_3)
FNDA:3,(anonymous_4)
FNDA:1,(anonymous_5)
FNDA:1,(anonymous_6)
FNDA:1,(anonymous_7)
FNDA:2,(anonymous_8)
FNDA:1,(anonymous_9)
FNDA:2,(anonymous_10)
FNDA:1,(anonymous_11)
FNDA:1,(anonymous_12)
FNDA:0,(anonymous_13)
FNDA:1,(anonymous_14)
FNDA:1,(anonymous_15)
FNDA:1,(anonymous_16)
FNDA:20,(anonymous_17)
FNDA:17,(anonymous_18)
FNDA:1,(anonymous_19)
FNDA:0,(anonymous_20)
FNDA:2,(anonymous_21)
FNDA:3,(anonymous_22)
DA:18,1
DA:20,19
DA:21,19
DA:22,19
DA:26,19
DA:27,19
DA:28,19
DA:30,1
DA:31,20
DA:32,20
DA:33,20
DA:34,20
DA:35,20
DA:36,20
DA:37,20
DA:39,0
DA:40,0
DA:43,0
DA:44,0
DA:47,20
DA:49,1
DA:50,19
DA:51,19
DA:52,19
DA:62,1
DA:63,3
DA:65,2
DA:66,2
DA:68,1
DA:69,1
DA:71,3
DA:81,1
DA:82,1
DA:83,1
DA:86,1
DA:87,1
DA:88,1
DA:89,1
DA:91,0
DA:92,0
DA:93,0
DA:97,1
DA:99,1
DA:101,1
DA:102,2
DA:104,1
DA:105,1
DA:107,1
DA:108,1
DA:111,1
DA:112,1
DA:113,1
DA:114,1
DA:116,0
DA:118,0
DA:119,0
DA:120,0
DA:122,1
DA:123,2
DA:125,1
DA:126,1
DA:127,1
DA:128,1
DA:132,1
DA:133,1
DA:135,0
DA:136,1
DA:137,1
DA:138,1
DA:139,0
DA:142,1
DA:143,1
DA:145,1
DA:146,1
DA:148,1
DA:149,1
DA:150,1
DA:151,1
DA:152,1
DA:153,1
DA:155,20
DA:156,20
DA:158,15
DA:160,0
DA:161,0
DA:164,2
DA:166,0
DA:167,0
DA:172,1
DA:173,1
DA:174,1
DA:175,1
DA:178,0
DA:180,0
DA:181,0
DA:183,0
DA:185,0
DA:186,0
DA:187,0
DA:192,1
DA:193,2
DA:194,2
DA:196,1
DA:197,3
DA:198,3
DA:200,1
LF:106
LH:82
BRDA:83,0,0,1
BRDA:83,0,1,0
BRDA:83,0,2,0
BRF:3
BRH:1
end_of_record
TN:
SF:/home/aspl/Desktop/code-coverage/Avyantra/src/app/dashboard/baby-investigation/baby-investigation.component.ts
FN:85,BabyInvestigationComponent
FN:98,(anonymous_2)
FN:205,(anonymous_3)
FN:279,(anonymous_4)
FN:668,(anonymous_5)
FN:1068,(anonymous_6)
FN:1082,(anonymous_7)
FN:1102,(anonymous_8)
FN:1116,(anonymous_9)
FN:1136,(anonymous_10)
FN:1139,(anonymous_11)
FN:1143,(anonymous_12)
FN:1155,(anonymous_13)
FN:1165,(anonymous_14)
FN:1185,(anonymous_15)
FN:1197,(anonymous_16)
FN:1215,(anonymous_17)
FN:1228,(anonymous_18)
FN:1237,(anonymous_19)
FN:1248,(anonymous_20)
FN:1251,(anonymous_21)
FN:1257,(anonymous_22)
FN:1324,(anonymous_23)
FN:1331,(anonymous_24)
FN:1352,(anonymous_25)
FN:1356,(anonymous_26)
FN:1364,(anonymous_27)
FN:1365,(anonymous_28)
FN:1387,(anonymous_29)
FN:1408,(anonymous_30)
FN:1415,(anonymous_31)
FN:1426,(anonymous_32)
FN:1433,(anonymous_33)
FN:1524,(anonymous_34)
FN:1528,(anonymous_35)
FNF:35
FNH:29
FNDA:25,BabyInvestigationComponent
FNDA:26,(anonymous_2)
FNDA:26,(anonymous_3)
FNDA:1,(anonymous_4)
FNDA:43,(anonymous_5)
FNDA:2,(anonymous_6)
FNDA:2,(anonymous_7)
FNDA:2,(anonymous_8)
FNDA:2,(anonymous_9)
FNDA:1,(anonymous_10)
FNDA:1,(anonymous_11)
FNDA:2,(anonymous_12)
FNDA:2,(anonymous_13)
FNDA:2,(anonymous_14)
FNDA:1,(anonymous_15)
FNDA:3,(anonymous_16)
FNDA:2,(anonymous_17)
FNDA:0,(anonymous_18)
FNDA:0,(anonymous_19)
FNDA:0,(anonymous_20)
FNDA:0,(anonymous_21)
FNDA:6,(anonymous_22)
FNDA:1,(anonymous_23)
FNDA:2,(anonymous_24)
FNDA:1,(anonymous_25)
FNDA:1,(anonymous_26)
FNDA:26,(anonymous_27)
FNDA:444,(anonymous_28)
FNDA:1,(anonymous_29)
FNDA:0,(anonymous_30)
FNDA:0,(anonymous_31)
FNDA:1,(anonymous_32)
FNDA:9,(anonymous_33)
FNDA:1,(anonymous_34)
FNDA:1,(anonymous_35)
DA:19,1
DA:21,25
DA:25,25
DA:26,25
DA:27,25
DA:28,25
DA:29,25
DA:30,25
DA:32,25
DA:33,25
DA:34,25
DA:36,25
DA:37,25
DA:38,25
DA:39,25
DA:40,25
DA:41,25
DA:42,25
DA:43,25
DA:44,25
DA:45,25
DA:46,25
DA:47,25
DA:48,25
DA:49,25
DA:50,25
DA:51,25
DA:52,25
DA:53,25
DA:54,25
DA:55,25
DA:56,25
DA:57,25
DA:58,25
DA:59,25
DA:60,25
DA:61,25
DA:62,25
DA:63,25
DA:64,25
DA:65,25
DA:66,25
DA:67,25
DA:69,25
DA:70,25
DA:72,1
DA:73,1
DA:78,25
DA:80,25
DA:84,25
DA:86,25
DA:87,25
DA:88,25
DA:89,25
DA:90,25
DA:91,25
DA:92,25
DA:93,25
DA:95,25
DA:98,1
DA:99,26
DA:100,26
DA:101,26
DA:102,26
DA:103,26
DA:104,26
DA:106,1
DA:107,1
DA:111,0
DA:112,0
DA:115,26
DA:117,26
DA:125,26
DA:141,26
DA:151,26
DA:196,26
DA:201,26
DA:205,1
DA:206,26
DA:208,26
DA:209,26
DA:210,26
DA:211,26
DA:212,26
DA:213,26
DA:214,26
DA:215,26
DA:216,26
DA:217,26
DA:218,26
DA:219,26
DA:220,26
DA:221,26
DA:222,26
DA:223,26
DA:224,26
DA:225,26
DA:227,26
DA:228,26
DA:229,26
DA:230,26
DA:231,26
DA:232,26
DA:234,26
DA:279,1
DA:280,1
DA:281,1
DA:284,0
DA:285,0
DA:286,0
DA:288,1
DA:292,0
DA:293,0
DA:294,0
DA:296,1
DA:300,0
DA:301,0
DA:302,0
DA:304,1
DA:305,1
DA:306,1
DA:311,0
DA:312,0
DA:313,0
DA:315,1
DA:316,1
DA:317,1
DA:321,0
DA:322,0
DA:323,0
DA:325,1
DA:326,1
DA:327,1
DA:331,0
DA:332,0
DA:333,0
DA:335,1
DA:336,1
DA:337,1
DA:341,0
DA:342,0
DA:343,0
DA:345,1
DA:346,1
DA:347,1
DA:351,0
DA:352,0
DA:353,0
DA:355,1
DA:356,1
DA:357,1
DA:361,0
DA:362,0
DA:363,0
DA:365,1
DA:366,1
DA:367,1
DA:371,0
DA:372,0
DA:373,0
DA:375,1
DA:376,1
DA:377,1
DA:381,0
DA:382,0
DA:383,0
DA:385,1
DA:386,1
DA:387,1
DA:391,0
DA:392,0
DA:393,0
DA:395,1
DA:396,1
DA:397,1
DA:401,0
DA:402,0
DA:403,0
DA:405,1
DA:406,1
DA:407,1
DA:411,0
DA:412,0
DA:413,0
DA:415,1
DA:416,1
DA:417,1
DA:421,0
DA:422,0
DA:423,0
DA:425,1
DA:426,1
DA:427,1
DA:431,0
DA:432,0
DA:433,0
DA:435,1
DA:436,1
DA:437,1
DA:441,0
DA:442,0
DA:443,0
DA:445,1
DA:446,1
DA:447,1
DA:451,0
DA:452,0
DA:453,0
DA:455,1
DA:456,1
DA:457,1
DA:461,0
DA:462,0
DA:463,0
DA:465,1
DA:466,1
DA:467,1
DA:471,0
DA:472,0
DA:473,0
DA:475,1
DA:476,1
DA:477,1
DA:480,0
DA:481,0
DA:482,0
DA:483,0
DA:484,0
DA:488,1
DA:489,1
DA:490,1
DA:493,1
DA:495,1
DA:501,0
DA:502,0
DA:503,0
DA:504,0
DA:505,0
DA:511,1
DA:512,1
DA:513,1
DA:516,1
DA:518,1
DA:524,0
DA:525,0
DA:526,0
DA:527,0
DA:528,0
DA:534,1
DA:535,1
DA:536,1
DA:539,1
DA:541,1
DA:547,0
DA:549,1
DA:550,1
DA:554,0
DA:556,1
DA:557,1
DA:561,0
DA:563,1
DA:564,1
DA:570,0
DA:571,0
DA:573,1
DA:579,0
DA:580,0
DA:582,1
DA:588,0
DA:589,0
DA:591,1
DA:597,0
DA:598,0
DA:600,1
DA:607,0
DA:608,0
DA:610,1
DA:616,0
DA:617,0
DA:619,1
DA:622,1
DA:668,1
DA:669,43
DA:670,43
DA:673,1
DA:674,1
DA:677,1
DA:679,1
DA:680,1
DA:682,2
DA:683,2
DA:686,2
DA:687,2
DA:693,1
DA:694,1
DA:697,1
DA:699,1
DA:700,1
DA:702,1
DA:705,1
DA:706,1
DA:707,1
DA:713,1
DA:714,1
DA:717,1
DA:719,1
DA:720,1
DA:722,1
DA:725,1
DA:726,1
DA:727,1
DA:733,1
DA:734,1
DA:737,1
DA:739,1
DA:740,1
DA:742,1
DA:745,1
DA:746,1
DA:747,1
DA:753,1
DA:754,1
DA:757,1
DA:759,1
DA:760,1
DA:762,1
DA:765,1
DA:766,1
DA:767,1
DA:773,1
DA:774,1
DA:777,1
DA:779,1
DA:780,1
DA:782,1
DA:785,1
DA:786,1
DA:787,1
DA:793,1
DA:794,1
DA:797,1
DA:799,1
DA:800,1
DA:802,1
DA:805,1
DA:806,1
DA:807,1
DA:813,1
DA:814,1
DA:817,1
DA:819,1
DA:820,1
DA:822,1
DA:825,1
DA:826,1
DA:827,1
DA:833,1
DA:834,1
DA:837,1
DA:839,1
DA:840,1
DA:842,1
DA:845,1
DA:846,1
DA:847,1
DA:853,1
DA:854,1
DA:857,1
DA:859,1
DA:860,1
DA:862,1
DA:865,1
DA:866,1
DA:867,1
DA:873,1
DA:874,1
DA:877,1
DA:879,1
DA:880,1
DA:882,1
DA:885,1
DA:886,1
DA:887,1
DA:893,1
DA:894,1
DA:897,1
DA:899,1
DA:900,1
DA:902,1
DA:905,1
DA:906,1
DA:907,1
DA:913,1
DA:914,1
DA:917,1
DA:919,1
DA:920,1
DA:922,1
DA:925,1
DA:926,1
DA:927,1
DA:933,1
DA:934,1
DA:937,1
DA:939,1
DA:940,1
DA:942,1
DA:945,1
DA:946,1
DA:947,1
DA:953,1
DA:954,1
DA:957,1
DA:959,1
DA:960,1
DA:962,1
DA:965,1
DA:966,1
DA:967,1
DA:973,1
DA:974,1
DA:977,1
DA:979,1
DA:980,1
DA:982,1
DA:985,1
DA:986,1
DA:987,1
DA:993,1
DA:994,1
DA:997,1
DA:999,1
DA:1000,1
DA:1002,1
DA:1005,1
DA:1006,1
DA:1007,1
DA:1013,1
DA:1014,1
DA:1017,1
DA:1019,1
DA:1020,1
DA:1022,1
DA:1025,1
DA:1026,1
DA:1027,1
DA:1033,1
DA:1034,1
DA:1038,1
DA:1039,1
DA:1045,1
DA:1046,1
DA:1050,1
DA:1051,1
DA:1057,1
DA:1058,1
DA:1062,1
DA:1063,1
DA:1068,1
DA:1070,1
DA:1071,1
DA:1072,1
DA:1076,1
DA:1077,1
DA:1078,1
DA:1082,1
DA:1084,1
DA:1087,1
DA:1088,1
DA:1089,1
DA:1093,1
DA:1096,1
DA:1097,1
DA:1098,1
DA:1102,1
DA:1104,1
DA:1105,1
DA:1106,1
DA:1110,1
DA:1111,1
DA:1112,1
DA:1116,1
DA:1118,1
DA:1121,1
DA:1122,1
DA:1123,1
DA:1127,1
DA:1130,1
DA:1131,1
DA:1132,1
DA:1136,1
DA:1137,1
DA:1139,1
DA:1140,1
DA:1143,1
DA:1144,2
DA:1146,1
DA:1147,1
DA:1148,1
DA:1150,1
DA:1151,1
DA:1155,1
DA:1156,2
DA:1157,2
DA:1159,1
DA:1161,1
DA:1162,1
DA:1165,1
DA:1166,2
DA:1170,0
DA:1171,0
DA:1172,0
DA:1174,0
DA:1176,2
DA:1177,2
DA:1185,1
DA:1186,1
DA:1188,1
DA:1197,1
DA:1198,3
DA:1203,1
DA:1205,1
DA:1207,1
DA:1215,1
DA:1216,2
DA:1221,1
DA:1223,1
DA:1228,1
DA:1229,0
DA:1231,0
DA:1233,0
DA:1237,1
DA:1238,0
DA:1242,0
DA:1243,0
DA:1246,0
DA:1247,0
DA:1249,0
DA:1252,0
DA:1257,1
DA:1258,6
DA:1262,1
DA:1263,1
DA:1265,1
DA:1266,1
DA:1267,1
DA:1272,1
DA:1273,1
DA:1274,1
DA:1277,1
DA:1283,1
DA:1284,1
DA:1286,1
DA:1287,1
DA:1288,1
DA:1293,1
DA:1294,1
DA:1295,1
DA:1298,1
DA:1304,1
DA:1305,1
DA:1307,1
DA:1308,1
DA:1309,1
DA:1314,1
DA:1315,1
DA:1316,1
DA:1319,1
DA:1324,1
DA:1325,1
DA:1326,1
DA:1327,1
DA:1328,1
DA:1331,1
DA:1333,1
DA:1336,1
DA:1339,1
DA:1342,1
DA:1345,1
DA:1348,1
DA:1352,1
DA:1353,1
DA:1356,1
DA:1357,1
DA:1358,1
DA:1359,1
DA:1360,1
DA:1361,1
DA:1364,26
DA:1365,26
DA:1367,440
DA:1369,0
DA:1370,0
DA:1371,0
DA:1372,0
DA:1376,4
DA:1378,0
DA:1379,0
DA:1380,0
DA:1381,0
DA:1387,1
DA:1389,0
DA:1392,0
DA:1395,0
DA:1398,0
DA:1401,0
DA:1404,0
DA:1408,1
DA:1409,0
DA:1411,0
DA:1414,0
DA:1415,0
DA:1417,0
DA:1420,0
DA:1426,1
DA:1427,1
DA:1428,1
DA:1429,1
DA:1433,1
DA:1434,9
DA:1435,9
DA:1438,1
DA:1440,8
DA:1444,3
DA:1446,6
DA:1450,5
DA:1452,4
DA:1455,9
DA:1456,9
DA:1457,9
DA:1460,4
DA:1463,4
DA:1466,4
DA:1469,4
DA:1472,4
DA:1475,4
DA:1478,4
DA:1481,4
DA:1484,4
DA:1487,4
DA:1490,4
DA:1493,4
DA:1496,4
DA:1499,4
DA:1502,4
DA:1505,4
DA:1508,4
DA:1511,4
DA:1514,4
DA:1517,4
DA:1520,4
DA:1524,1
DA:1525,1
DA:1526,1
DA:1528,1
DA:1529,1
DA:1530,1
DA:1531,1
DA:1533,1
LF:659
LH:533
BRDA:283,0,0,1
BRDA:283,0,1,1
BRDA:291,1,0,1
BRDA:291,1,1,1
BRDA:670,2,0,43
BRDA:670,2,1,0
BRDA:670,2,2,0
BRDA:1069,3,0,2
BRDA:1069,3,1,2
BRDA:1075,4,0,2
BRDA:1075,4,1,2
BRDA:1083,5,0,2
BRDA:1083,5,1,2
BRDA:1092,6,0,2
BRDA:1092,6,1,2
BRDA:1200,7,0,3
BRDA:1200,7,1,2
BRDA:1218,8,0,2
BRDA:1218,8,1,1
BRF:19
BRH:17
end_of_record
TN:
SF:/home/aspl/Desktop/code-coverage/Avyantra/src/app/dashboard/baby-resp/baby-resp.component.ts
FN:54,BabyRespComponent
FN:67,(anonymous_2)
FN:102,(anonymous_3)
FN:134,(anonymous_4)
FN:194,(anonymous_5)
FN:237,(anonymous_6)
FN:241,(anonymous_7)
FN:245,(anonymous_8)
FN:256,(anonymous_9)
FN:259,(anonymous_10)
FN:270,(anonymous_11)
FN:280,(anonymous_12)
FN:289,(anonymous_13)
FN:290,(anonymous_14)
FN:294,(anonymous_15)
FN:311,(anonymous_16)
FN:320,(anonymous_17)
FN:324,(anonymous_18)
FN:332,(anonymous_19)
FN:333,(anonymous_20)
FN:355,(anonymous_21)
FN:361,(anonymous_22)
FN:371,(anonymous_23)
FN:384,(anonymous_24)
FNF:24
FNH:21
FNDA:25,BabyRespComponent
FNDA:26,(anonymous_2)
FNDA:27,(anonymous_3)
FNDA:2,(anonymous_4)
FNDA:2,(anonymous_5)
FNDA:1,(anonymous_6)
FNDA:1,(anonymous_7)
FNDA:1,(anonymous_8)
FNDA:1,(anonymous_9)
FNDA:1,(anonymous_10)
FNDA:2,(anonymous_11)
FNDA:1,(anonymous_12)
FNDA:1,(anonymous_13)
FNDA:0,(anonymous_14)
FNDA:1,(anonymous_15)
FNDA:1,(anonymous_16)
FNDA:2,(anonymous_17)
FNDA:1,(anonymous_18)
FNDA:28,(anonymous_19)
FNDA:46,(anonymous_20)
FNDA:1,(anonymous_21)
FNDA:0,(anonymous_22)
FNDA:1,(anonymous_23)
FNDA:0,(anonymous_24)
DA:19,1
DA:21,25
DA:25,25
DA:26,25
DA:27,25
DA:28,25
DA:29,25
DA:31,25
DA:32,25
DA:33,25
DA:35,25
DA:36,25
DA:37,25
DA:39,1
DA:40,1
DA:45,25
DA:47,25
DA:48,25
DA:52,25
DA:55,25
DA:56,25
DA:57,25
DA:58,25
DA:59,25
DA:60,25
DA:61,25
DA:62,25
DA:64,25
DA:67,1
DA:68,26
DA:69,26
DA:70,26
DA:71,26
DA:72,26
DA:73,26
DA:75,0
DA:76,0
DA:80,0
DA:81,0
DA:84,26
DA:86,26
DA:96,26
DA:102,1
DA:103,27
DA:105,27
DA:106,27
DA:107,27
DA:109,27
DA:111,27
DA:131,27
DA:134,1
DA:135,2
DA:137,2
DA:138,2
DA:139,2
DA:141,0
DA:142,0
DA:146,2
DA:147,2
DA:148,2
DA:150,0
DA:154,0
DA:156,2
DA:157,2
DA:165,0
DA:166,0
DA:167,0
DA:169,2
DA:172,2
DA:194,1
DA:195,2
DA:196,2
DA:199,1
DA:200,1
DA:203,1
DA:205,1
DA:206,1
DA:208,0
DA:209,0
DA:210,0
DA:213,0
DA:218,1
DA:219,1
DA:222,1
DA:224,1
DA:225,1
DA:227,0
DA:228,0
DA:229,0
DA:232,0
DA:237,1
DA:238,1
DA:241,1
DA:242,1
DA:245,1
DA:246,1
DA:248,0
DA:249,0
DA:250,0
DA:252,1
DA:253,1
DA:256,1
DA:259,1
DA:260,1
DA:261,1
DA:262,1
DA:264,0
DA:265,0
DA:266,0
DA:267,0
DA:270,1
DA:271,2
DA:273,2
DA:274,2
DA:275,2
DA:276,2
DA:280,1
DA:281,1
DA:284,0
DA:285,0
DA:287,1
DA:288,1
DA:289,1
DA:290,0
DA:294,1
DA:295,1
DA:298,1
DA:299,1
DA:300,1
DA:302,0
DA:303,0
DA:304,0
DA:305,0
DA:311,1
DA:312,1
DA:314,0
DA:316,1
DA:317,1
DA:320,1
DA:321,2
DA:324,1
DA:325,1
DA:326,1
DA:327,1
DA:328,1
DA:329,1
DA:332,28
DA:333,28
DA:335,45
DA:337,0
DA:338,0
DA:339,0
DA:340,0
DA:344,1
DA:346,0
DA:347,0
DA:348,0
DA:349,0
DA:355,1
DA:357,1
DA:360,0
DA:361,0
DA:363,0
DA:366,0
DA:371,1
DA:372,1
DA:375,1
DA:377,0
DA:380,1
DA:384,1
DA:385,0
DA:386,0
DA:387,0
DA:390,1
LF:174
LH:124
BRDA:196,0,0,2
BRDA:196,0,1,0
BRDA:196,0,2,0
BRF:3
BRH:1
end_of_record
TN:
SF:/home/aspl/Desktop/code-coverage/Avyantra/src/app/dashboard/basic/basic.component.ts
FN:36,BasicComponent
FN:44,(anonymous_2)
FN:56,(anonymous_3)
FN:79,(anonymous_4)
FN:95,(anonymous_5)
FN:98,(anonymous_6)
FN:102,(anonymous_7)
FN:107,(anonymous_8)
FN:118,(anonymous_9)
FN:124,(anonymous_10)
FN:136,(anonymous_11)
FN:160,(anonymous_12)
FN:166,(anonymous_13)
FN:179,(anonymous_14)
FN:185,(anonymous_15)
FN:194,(anonymous_16)
FN:202,(anonymous_17)
FN:215,(anonymous_18)
FN:227,(anonymous_19)
FN:243,(anonymous_20)
FN:256,(anonymous_21)
FNF:21
FNH:0
FNDA:0,BasicComponent
FNDA:0,(anonymous_2)
FNDA:0,(anonymous_3)
FNDA:0,(anonymous_4)
FNDA:0,(anonymous_5)
FNDA:0,(anonymous_6)
FNDA:0,(anonymous_7)
FNDA:0,(anonymous_8)
FNDA:0,(anonymous_9)
FNDA:0,(anonymous_10)
FNDA:0,(anonymous_11)
FNDA:0,(anonymous_12)
FNDA:0,(anonymous_13)
FNDA:0,(anonymous_14)
FNDA:0,(anonymous_15)
FNDA:0,(anonymous_16)
FNDA:0,(anonymous_17)
FNDA:0,(anonymous_18)
FNDA:0,(anonymous_19)
FNDA:0,(anonymous_20)
FNDA:0,(anonymous_21)
DA:21,1
DA:23,0
DA:24,0
DA:25,0
DA:26,1
DA:27,1
DA:28,0
DA:29,0
DA:30,0
DA:31,0
DA:34,1
DA:35,1
DA:37,0
DA:38,0
DA:39,0
DA:40,0
DA:41,0
DA:44,1
DA:45,0
DA:46,0
DA:48,0
DA:50,0
DA:51,0
DA:53,0
DA:56,1
DA:57,0
DA:58,0
DA:76,0
DA:79,1
DA:80,0
DA:81,0
DA:95,1
DA:96,0
DA:98,1
DA:99,0
DA:102,1
DA:104,0
DA:107,1
DA:108,0
DA:110,0
DA:112,0
DA:114,0
DA:117,0
DA:120,0
DA:122,0
DA:125,0
DA:136,1
DA:137,0
DA:139,0
DA:140,0
DA:142,0
DA:143,0
DA:144,0
DA:151,0
DA:152,0
DA:154,0
DA:160,1
DA:163,0
DA:164,0
DA:165,0
DA:166,0
DA:168,0
DA:170,0
DA:172,0
DA:173,0
DA:176,0
DA:177,0
DA:178,0
DA:181,0
DA:183,0
DA:186,0
DA:192,0
DA:194,0
DA:197,0
DA:198,0
DA:202,1
DA:203,0
DA:204,0
DA:215,1
DA:216,0
DA:218,0
DA:227,1
DA:228,0
DA:233,0
DA:235,0
DA:243,1
DA:244,0
DA:249,0
DA:251,0
DA:256,1
DA:257,0
DA:259,0
DA:261,0
DA:264,1
LF:94
LH:20
BRDA:230,0,0,0
BRDA:230,0,1,0
BRDA:246,1,0,0
BRDA:246,1,1,0
BRF:4
BRH:0
end_of_record
TN:
SF:/home/aspl/Desktop/code-coverage/Avyantra/src/app/dashboard/final/final.component.ts
FN:31,FinalComponent
FN:33,(anonymous_2)
FN:39,(anonymous_3)
FN:61,(anonymous_4)
FN:90,(anonymous_5)
FN:136,(anonymous_6)
FN:148,(anonymous_7)
FN:197,(anonymous_8)
FN:199,(anonymous_9)
FN:201,(anonymous_10)
FN:213,(anonymous_11)
FN:229,(anonymous_12)
FN:250,(anonymous_13)
FN:257,(anonymous_14)
FN:270,(anonymous_15)
FN:281,(anonymous_16)
FN:290,(anonymous_17)
FN:299,(anonymous_18)
FN:303,(anonymous_19)
FN:306,(anonymous_20)
FN:312,(anonymous_21)
FN:316,(anonymous_22)
FN:317,(anonymous_23)
FN:335,(anonymous_24)
FN:349,(anonymous_25)
FN:360,(anonymous_26)
FN:363,(anonymous_27)
FN:366,(anonymous_28)
FN:374,(anonymous_29)
FN:387,(anonymous_30)
FN:390,(anonymous_31)
FN:433,(anonymous_32)
FNF:32
FNH:24
FNDA:22,FinalComponent
FNDA:4,(anonymous_2)
FNDA:23,(anonymous_3)
FNDA:23,(anonymous_4)
FNDA:2,(anonymous_5)
FNDA:6,(anonymous_6)
FNDA:6,(anonymous_7)
FNDA:1,(anonymous_8)
FNDA:1,(anonymous_9)
FNDA:2,(anonymous_10)
FNDA:3,(anonymous_11)
FNDA:2,(anonymous_12)
FNDA:1,(anonymous_13)
FNDA:5,(anonymous_14)
FNDA:3,(anonymous_15)
FNDA:0,(anonymous_16)
FNDA:0,(anonymous_17)
FNDA:0,(anonymous_18)
FNDA:0,(anonymous_19)
FNDA:1,(anonymous_20)
FNDA:1,(anonymous_21)
FNDA:23,(anonymous_22)
FNDA:61,(anonymous_23)
FNDA:2,(anonymous_24)
FNDA:0,(anonymous_25)
FNDA:2,(anonymous_26)
FNDA:1,(anonymous_27)
FNDA:0,(anonymous_28)
FNDA:0,(anonymous_29)
FNDA:0,(anonymous_30)
FNDA:2,(anonymous_31)
FNDA:9,(anonymous_32)
DA:21,1
DA:22,22
DA:23,22
DA:24,22
DA:25,1
DA:26,1
DA:27,22
DA:29,1
DA:30,22
DA:31,22
DA:32,22
DA:33,1
DA:35,1
DA:39,1
DA:40,23
DA:41,23
DA:42,23
DA:43,23
DA:44,23
DA:45,23
DA:47,1
DA:48,1
DA:52,0
DA:53,0
DA:54,0
DA:57,23
DA:58,23
DA:61,1
DA:62,23
DA:63,23
DA:64,23
DA:65,23
DA:90,1
DA:91,2
DA:93,1
DA:95,1
DA:98,1
DA:99,1
DA:100,1
DA:102,1
DA:103,1
DA:104,1
DA:107,1
DA:109,1
DA:111,2
DA:136,1
DA:137,6
DA:138,6
DA:139,2
DA:140,1
DA:141,1
DA:142,1
DA:143,1
DA:144,1
DA:145,1
DA:148,1
DA:149,6
DA:150,6
DA:153,1
DA:154,1
DA:158,1
DA:159,1
DA:166,1
DA:167,1
DA:170,1
DA:171,1
DA:172,1
DA:174,1
DA:175,1
DA:176,1
DA:177,1
DA:183,1
DA:184,1
DA:185,1
DA:186,1
DA:187,1
DA:189,1
DA:190,1
DA:191,1
DA:192,1
DA:197,1
DA:199,1
DA:201,1
DA:202,2
DA:204,1
DA:205,1
DA:206,1
DA:208,1
DA:209,1
DA:213,1
DA:214,3
DA:215,3
DA:216,3
DA:217,1
DA:219,1
DA:222,1
DA:224,2
DA:225,2
DA:226,2
DA:227,2
DA:229,1
DA:230,2
DA:234,1
DA:235,1
DA:236,1
DA:239,1
DA:241,1
DA:242,1
DA:250,1
DA:251,1
DA:253,1
DA:257,1
DA:258,5
DA:263,2
DA:265,1
DA:267,2
DA:270,1
DA:271,3
DA:276,1
DA:278,2
DA:281,1
DA:282,0
DA:284,0
DA:286,0
DA:290,1
DA:291,0
DA:295,0
DA:296,0
DA:298,0
DA:299,0
DA:300,0
DA:301,0
DA:303,0
DA:306,1
DA:307,1
DA:308,1
DA:309,1
DA:312,1
DA:313,1
DA:316,23
DA:317,23
DA:319,59
DA:321,0
DA:322,0
DA:326,2
DA:328,0
DA:329,0
DA:335,2
DA:336,2
DA:337,2
DA:338,2
DA:340,2
DA:343,0
DA:346,0
DA:348,0
DA:351,0
DA:353,0
DA:354,0
DA:355,0
DA:360,1
DA:361,2
DA:363,1
DA:364,1
DA:366,1
DA:367,0
DA:369,0
DA:370,0
DA:371,0
DA:372,0
DA:373,0
DA:376,0
DA:377,0
DA:379,0
DA:380,0
DA:381,0
DA:382,0
DA:383,0
DA:384,0
DA:387,0
DA:390,1
DA:391,2
DA:392,2
DA:393,2
DA:395,1
DA:396,1
DA:399,1
DA:400,1
DA:403,1
DA:404,1
DA:407,0
DA:408,0
DA:411,1
DA:412,1
DA:415,1
DA:416,1
DA:419,1
DA:420,1
DA:423,1
DA:424,1
DA:427,1
DA:428,1
DA:430,1
DA:433,1
DA:435,7
DA:437,2
DA:439,1
LF:206
LH:164
BRDA:150,0,0,6
BRDA:150,0,1,0
BRDA:150,0,2,0
BRDA:260,1,0,5
BRDA:260,1,1,3
BRDA:273,2,0,3
BRDA:273,2,1,1
BRF:7
BRH:5
end_of_record
TN:
SF:/home/aspl/Desktop/code-coverage/Avyantra/src/app/dashboard/general/general.component.ts
FN:88,GeneralComponent
FN:95,(anonymous_2)
FN:102,(anonymous_3)
FN:108,(anonymous_4)
FN:132,(anonymous_5)
FN:137,(anonymous_6)
FN:142,(anonymous_7)
FN:151,(anonymous_8)
FN:173,(anonymous_9)
FN:179,(anonymous_10)
FN:184,(anonymous_11)
FN:193,(anonymous_12)
FN:211,(anonymous_13)
FN:222,(anonymous_14)
FN:296,(anonymous_15)
FN:492,(anonymous_16)
FN:734,(anonymous_17)
FN:752,(anonymous_18)
FN:756,(anonymous_19)
FN:760,(anonymous_20)
FN:837,(anonymous_21)
FN:853,(anonymous_22)
FN:865,(anonymous_23)
FN:929,(anonymous_24)
FN:957,(anonymous_25)
FN:970,(anonymous_26)
FN:988,(anonymous_27)
FN:1001,(anonymous_28)
FN:1011,(anonymous_29)
FN:1022,(anonymous_30)
FN:1029,(anonymous_31)
FN:1035,(anonymous_32)
FN:1079,(anonymous_33)
FN:1152,(anonymous_34)
FNF:34
FNH:25
FNDA:39,GeneralComponent
FNDA:36,(anonymous_2)
FNDA:39,(anonymous_3)
FNDA:13,(anonymous_4)
FNDA:13,(anonymous_5)
FNDA:0,(anonymous_6)
FNDA:3,(anonymous_7)
FNDA:27,(anonymous_8)
FNDA:27,(anonymous_9)
FNDA:0,(anonymous_10)
FNDA:1,(anonymous_11)
FNDA:1,(anonymous_12)
FNDA:2,(anonymous_13)
FNDA:59,(anonymous_14)
FNDA:2,(anonymous_15)
FNDA:12,(anonymous_16)
FNDA:41,(anonymous_17)
FNDA:0,(anonymous_18)
FNDA:1,(anonymous_19)
FNDA:1,(anonymous_20)
FNDA:0,(anonymous_21)
FNDA:0,(anonymous_22)
FNDA:41,(anonymous_23)
FNDA:1,(anonymous_24)
FNDA:0,(anonymous_25)
FNDA:43,(anonymous_26)
FNDA:3,(anonymous_27)
FNDA:2,(anonymous_28)
FNDA:40,(anonymous_29)
FNDA:40,(anonymous_30)
FNDA:0,(anonymous_31)
FNDA:0,(anonymous_32)
FNDA:1,(anonymous_33)
FNDA:0,(anonymous_34)
DA:26,1
DA:28,39
DA:29,39
DA:30,39
DA:31,39
DA:32,39
DA:34,1
DA:37,39
DA:39,39
DA:40,39
DA:41,39
DA:42,39
DA:44,39
DA:46,39
DA:47,39
DA:48,39
DA:50,39
DA:51,39
DA:52,39
DA:53,39
DA:54,39
DA:55,39
DA:56,39
DA:57,39
DA:58,39
DA:59,39
DA:60,39
DA:61,39
DA:62,39
DA:63,39
DA:64,39
DA:65,39
DA:67,39
DA:68,39
DA:70,39
DA:74,39
DA:76,39
DA:77,39
DA:79,39
DA:80,39
DA:83,39
DA:86,39
DA:88,39
DA:89,39
DA:90,39
DA:91,39
DA:92,39
DA:93,39
DA:95,39
DA:97,12
DA:102,1
DA:104,39
DA:108,1
DA:109,13
DA:110,13
DA:111,13
DA:114,12
DA:115,12
DA:116,12
DA:117,12
DA:118,12
DA:120,13
DA:121,13
DA:122,13
DA:123,13
DA:124,13
DA:127,13
DA:128,13
DA:129,13
DA:132,13
DA:133,13
DA:134,0
DA:137,13
DA:138,0
DA:142,1
DA:144,0
DA:147,0
DA:151,1
DA:152,27
DA:153,27
DA:154,27
DA:156,27
DA:157,27
DA:158,27
DA:159,27
DA:160,27
DA:162,27
DA:163,27
DA:164,27
DA:165,27
DA:166,27
DA:170,27
DA:173,27
DA:174,27
DA:175,27
DA:176,0
DA:179,27
DA:180,0
DA:184,1
DA:185,1
DA:186,1
DA:187,1
DA:188,1
DA:189,1
DA:190,1
DA:193,1
DA:194,1
DA:196,1
DA:198,0
DA:200,1
DA:203,0
DA:204,0
DA:211,1
DA:212,2
DA:213,2
DA:216,80
DA:219,2
DA:222,1
DA:223,59
DA:224,59
DA:226,59
DA:227,59
DA:228,59
DA:229,59
DA:230,59
DA:231,59
DA:232,59
DA:233,59
DA:234,59
DA:235,59
DA:236,59
DA:237,59
DA:240,59
DA:296,1
DA:297,2
DA:299,0
DA:300,0
DA:302,0
DA:303,0
DA:304,0
DA:308,2
DA:309,2
DA:310,2
DA:313,2
DA:315,2
DA:322,2
DA:323,2
DA:325,2
DA:326,2
DA:328,2
DA:332,0
DA:333,0
DA:334,0
DA:338,0
DA:339,0
DA:346,2
DA:347,2
DA:348,2
DA:350,0
DA:351,0
DA:352,0
DA:356,2
DA:358,0
DA:362,2
DA:364,0
DA:368,2
DA:370,0
DA:374,2
DA:376,0
DA:380,2
DA:382,0
DA:386,2
DA:388,0
DA:392,2
DA:394,0
DA:398,2
DA:400,0
DA:404,2
DA:406,0
DA:410,2
DA:412,0
DA:416,2
DA:418,0
DA:422,0
DA:423,0
DA:424,0
DA:426,0
DA:427,0
DA:428,0
DA:431,2
DA:432,2
DA:433,2
DA:435,2
DA:436,2
DA:492,1
DA:493,12
DA:494,12
DA:498,1
DA:499,1
DA:502,1
DA:503,1
DA:504,1
DA:506,0
DA:508,0
DA:511,0
DA:512,0
DA:518,1
DA:519,1
DA:522,1
DA:523,1
DA:524,1
DA:526,0
DA:527,0
DA:530,0
DA:531,0
DA:537,1
DA:538,1
DA:542,0
DA:543,0
DA:551,1
DA:552,1
DA:555,1
DA:558,1
DA:559,1
DA:561,1
DA:562,1
DA:563,1
DA:564,1
DA:566,0
DA:567,0
DA:568,0
DA:569,0
DA:570,0
DA:571,0
DA:574,0
DA:582,1
DA:583,1
DA:586,1
DA:587,1
DA:588,1
DA:590,0
DA:591,0
DA:594,0
DA:595,0
DA:601,1
DA:602,1
DA:605,1
DA:606,1
DA:607,1
DA:609,0
DA:610,0
DA:613,0
DA:614,0
DA:620,1
DA:621,1
DA:624,1
DA:625,1
DA:626,1
DA:628,0
DA:629,0
DA:632,0
DA:633,0
DA:639,1
DA:640,1
DA:643,1
DA:644,1
DA:645,1
DA:647,0
DA:648,0
DA:651,0
DA:652,0
DA:658,1
DA:659,1
DA:662,1
DA:663,1
DA:664,1
DA:666,1
DA:667,1
DA:668,1
DA:671,0
DA:672,0
DA:675,0
DA:676,0
DA:682,1
DA:683,1
DA:686,1
DA:687,1
DA:688,1
DA:690,0
DA:691,0
DA:694,0
DA:695,0
DA:701,1
DA:702,1
DA:706,0
DA:707,0
DA:715,1
DA:716,1
DA:719,1
DA:720,1
DA:721,1
DA:723,0
DA:724,0
DA:727,0
DA:728,0
DA:734,1
DA:735,41
DA:736,41
DA:738,1
DA:739,1
DA:740,1
DA:741,1
DA:742,1
DA:743,1
DA:745,40
DA:746,40
DA:747,40
DA:748,40
DA:749,40
DA:752,1
DA:756,1
DA:757,1
DA:760,1
DA:761,1
DA:762,1
DA:763,1
DA:764,1
DA:766,1
DA:767,1
DA:768,1
DA:769,1
DA:770,1
DA:772,1
DA:776,0
DA:780,0
DA:784,0
DA:788,0
DA:792,0
DA:796,0
DA:800,0
DA:804,0
DA:808,0
DA:812,0
DA:816,0
DA:820,0
DA:824,0
DA:827,0
DA:829,0
DA:830,0
DA:831,0
DA:833,0
DA:836,0
DA:839,0
DA:840,0
DA:843,0
DA:844,0
DA:845,0
DA:846,0
DA:847,0
DA:848,0
DA:849,0
DA:850,0
DA:854,0
DA:865,1
DA:866,41
DA:869,0
DA:870,0
DA:871,0
DA:875,0
DA:876,0
DA:877,0
DA:878,0
DA:879,0
DA:880,0
DA:881,0
DA:884,0
DA:886,1
DA:895,0
DA:896,0
DA:901,40
DA:902,40
DA:906,0
DA:909,0
DA:913,0
DA:914,0
DA:918,40
DA:920,0
DA:921,0
DA:929,1
DA:931,0
DA:932,0
DA:933,0
DA:934,0
DA:936,1
DA:937,1
DA:938,1
DA:939,1
DA:942,1
DA:943,1
DA:944,1
DA:945,1
DA:957,1
DA:958,0
DA:959,0
DA:961,0
DA:970,1
DA:971,43
DA:976,0
DA:978,40
DA:980,3
DA:988,1
DA:989,3
DA:994,0
DA:996,3
DA:1001,1
DA:1002,2
DA:1003,2
DA:1005,0
DA:1007,2
DA:1011,1
DA:1012,40
DA:1016,39
DA:1017,39
DA:1020,40
DA:1021,40
DA:1024,0
DA:1025,0
DA:1027,40
DA:1030,0
DA:1035,1
DA:1036,0
DA:1040,0
DA:1041,0
DA:1045,0
DA:1046,0
DA:1047,0
DA:1049,0
DA:1050,0
DA:1053,0
DA:1054,0
DA:1060,0
DA:1061,0
DA:1064,0
DA:1066,0
DA:1067,0
DA:1069,0
DA:1070,0
DA:1073,0
DA:1074,0
DA:1079,1
DA:1080,1
DA:1081,1
DA:1082,1
DA:1083,1
DA:1085,1
DA:1086,1
DA:1087,1
DA:1088,1
DA:1089,1
DA:1091,1
DA:1095,0
DA:1099,0
DA:1103,0
DA:1107,0
DA:1111,0
DA:1115,0
DA:1119,0
DA:1123,0
DA:1127,0
DA:1131,0
DA:1135,0
DA:1139,0
DA:1143,0
DA:1146,0
DA:1148,0
DA:1149,0
DA:1150,0
DA:1152,0
DA:1154,0
DA:1157,0
DA:1158,0
DA:1159,0
DA:1160,0
DA:1165,1
LF:484
LH:294
BRDA:113,0,0,13
BRDA:113,0,1,13
BRDA:126,1,0,13
BRDA:126,1,1,0
BRDA:133,2,0,0
BRDA:133,2,1,13
BRDA:155,3,0,27
BRDA:155,3,1,27
BRDA:168,4,0,27
BRDA:168,4,1,0
BRDA:175,5,0,0
BRDA:175,5,1,27
BRDA:494,6,0,12
BRDA:494,6,1,0
BRDA:494,6,2,0
BRDA:893,7,0,40
BRDA:893,7,1,40
BRDA:973,8,0,43
BRDA:973,8,1,40
BRDA:991,9,0,3
BRDA:991,9,1,0
BRF:21
BRH:14
end_of_record
TN:
SF:/home/aspl/Desktop/code-coverage/Avyantra/src/app/dashboard/level/level.component.ts
FN:17,LevelComponent
FN:21,(anonymous_2)
FN:33,(anonymous_3)
FN:52,(anonymous_4)
FN:64,(anonymous_5)
FN:77,(anonymous_6)
FN:87,(anonymous_7)
FN:118,(anonymous_11)
FN:126,(anonymous_12)
FN:134,(anonymous_13)
FN:145,(anonymous_14)
FNF:11
FNH:8
FNDA:6,LevelComponent
FNDA:6,(anonymous_2)
FNDA:0,(anonymous_3)
FNDA:0,(anonymous_4)
FNDA:3,(anonymous_5)
FNDA:2,(anonymous_6)
FNDA:0,(anonymous_7)
FNDA:1,(anonymous_11)
FNDA:1,(anonymous_12)
FNDA:1,(anonymous_13)
FNDA:1,(anonymous_14)
DA:9,1
DA:10,6
DA:11,1
DA:12,6
DA:13,6
DA:14,6
DA:18,6
DA:19,6
DA:21,1
DA:22,6
DA:23,6
DA:33,1
DA:34,0
DA:37,0
DA:38,0
DA:40,0
DA:52,1
DA:53,0
DA:55,0
DA:64,1
DA:65,3
DA:67,1
DA:69,2
DA:77,1
DA:78,2
DA:80,1
DA:82,1
DA:87,1
DA:88,0
DA:90,0
DA:92,0
DA:100,1
DA:118,1
DA:119,1
DA:121,0
DA:122,0
DA:126,1
DA:127,1
DA:128,1
DA:130,1
DA:131,1
DA:134,1
DA:135,1
DA:136,1
DA:137,1
DA:138,1
DA:139,1
DA:140,1
DA:141,1
DA:142,1
DA:145,1
DA:146,1
DA:147,1
DA:149,1
LF:54
LH:43
BRDA:66,0,0,3
BRDA:66,0,1,2
BRDA:79,1,0,2
BRDA:79,1,1,1
BRDA:137,2,0,0
BRDA:137,2,1,1
BRDA:139,3,0,0
BRDA:139,3,1,1
BRDA:140,4,0,1
BRDA:140,4,1,0
BRF:10
BRH:7
end_of_record
TN:
SF:/home/aspl/Desktop/code-coverage/Avyantra/src/app/dashboard/maternal/maternal.component.ts
FN:30,MaternalComponent
FN:34,(anonymous_2)
FN:54,(anonymous_3)
FN:91,(anonymous_4)
FN:109,(anonymous_5)
FN:114,(anonymous_6)
FN:116,(anonymous_7)
FN:130,(anonymous_8)
FN:144,(anonymous_9)
FN:292,(anonymous_10)
FN:387,(anonymous_11)
FN:396,(anonymous_12)
FN:399,(anonymous_13)
FN:402,(anonymous_14)
FN:413,(anonymous_15)
FN:468,(anonymous_16)
FN:481,(anonymous_17)
FN:486,(anonymous_18)
FN:492,(anonymous_19)
FN:501,(anonymous_20)
FN:508,(anonymous_21)
FN:511,(anonymous_22)
FN:576,(anonymous_23)
FN:582,(anonymous_24)
FN:593,(anonymous_25)
FN:597,(anonymous_26)
FN:601,(anonymous_27)
FNF:27
FNH:19
FNDA:43,MaternalComponent
FNDA:43,(anonymous_2)
FNDA:43,(anonymous_3)
FNDA:181,(anonymous_4)
FNDA:1,(anonymous_5)
FNDA:1,(anonymous_6)
FNDA:0,(anonymous_7)
FNDA:2,(anonymous_8)
FNDA:25,(anonymous_9)
FNDA:13,(anonymous_10)
FNDA:1,(anonymous_11)
FNDA:0,(anonymous_12)
FNDA:0,(anonymous_13)
FNDA:1,(anonymous_14)
FNDA:43,(anonymous_15)
FNDA:43,(anonymous_16)
FNDA:0,(anonymous_17)
FNDA:0,(anonymous_18)
FNDA:43,(anonymous_19)
FNDA:43,(anonymous_20)
FNDA:0,(anonymous_21)
FNDA:17,(anonymous_22)
FNDA:0,(anonymous_23)
FNDA:0,(anonymous_24)
FNDA:26,(anonymous_25)
FNDA:10,(anonymous_26)
FNDA:1,(anonymous_27)
DA:19,1
DA:20,43
DA:21,43
DA:22,43
DA:23,43
DA:24,43
DA:25,1
DA:26,1
DA:28,43
DA:31,43
DA:32,43
DA:34,1
DA:35,43
DA:36,43
DA:37,43
DA:39,43
DA:40,43
DA:41,43
DA:43,43
DA:44,43
DA:45,43
DA:46,43
DA:48,43
DA:49,43
DA:51,43
DA:54,1
DA:55,43
DA:56,43
DA:57,43
DA:58,43
DA:59,43
DA:60,43
DA:61,43
DA:62,43
DA:63,43
DA:64,43
DA:91,1
DA:92,181
DA:93,181
DA:94,181
DA:95,65
DA:97,4
DA:99,61
DA:101,65
DA:103,2
DA:105,56
DA:109,1
DA:110,1
DA:111,1
DA:112,1
DA:114,1
DA:116,1
DA:117,0
DA:118,0
DA:120,0
DA:121,0
DA:122,0
DA:125,0
DA:126,0
DA:130,1
DA:131,2
DA:132,2
DA:134,1
DA:135,1
DA:136,1
DA:138,1
DA:139,1
DA:140,1
DA:144,1
DA:145,25
DA:147,1
DA:148,1
DA:150,24
DA:151,24
DA:155,1
DA:156,1
DA:158,24
DA:159,24
DA:163,1
DA:164,1
DA:166,24
DA:167,24
DA:171,1
DA:172,1
DA:174,24
DA:175,24
DA:179,1
DA:180,1
DA:182,24
DA:183,24
DA:187,1
DA:188,1
DA:190,24
DA:191,24
DA:195,1
DA:196,1
DA:198,24
DA:199,24
DA:202,1
DA:203,1
DA:204,1
DA:205,1
DA:207,24
DA:208,24
DA:209,24
DA:210,24
DA:214,1
DA:215,1
DA:216,1
DA:217,1
DA:220,24
DA:221,24
DA:222,24
DA:223,24
DA:227,1
DA:228,1
DA:229,1
DA:230,1
DA:232,24
DA:233,24
DA:234,24
DA:235,24
DA:239,1
DA:240,1
DA:241,1
DA:242,1
DA:244,24
DA:245,24
DA:246,24
DA:247,24
DA:250,0
DA:252,25
DA:292,1
DA:293,13
DA:294,13
DA:297,1
DA:298,1
DA:299,1
DA:300,1
DA:302,0
DA:303,0
DA:304,0
DA:310,1
DA:311,1
DA:312,1
DA:313,1
DA:315,1
DA:316,1
DA:317,1
DA:323,1
DA:324,1
DA:325,1
DA:326,1
DA:328,1
DA:329,1
DA:330,1
DA:336,1
DA:337,1
DA:338,1
DA:339,1
DA:341,1
DA:342,1
DA:343,1
DA:349,1
DA:350,1
DA:351,1
DA:352,1
DA:354,1
DA:355,1
DA:356,1
DA:362,1
DA:363,1
DA:364,1
DA:365,1
DA:367,1
DA:368,1
DA:369,1
DA:375,1
DA:376,1
DA:377,1
DA:378,1
DA:380,1
DA:381,1
DA:382,1
DA:387,1
DA:388,1
DA:389,1
DA:391,1
DA:392,0
DA:393,0
DA:394,0
DA:395,0
DA:396,0
DA:397,0
DA:398,0
DA:399,0
DA:402,1
DA:403,1
DA:404,1
DA:407,31
DA:410,1
DA:413,1
DA:414,43
DA:417,0
DA:418,0
DA:420,0
DA:421,0
DA:424,0
DA:425,0
DA:426,0
DA:427,0
DA:432,0
DA:434,0
DA:440,43
DA:441,43
DA:444,0
DA:447,0
DA:450,0
DA:453,0
DA:454,0
DA:458,43
DA:460,0
DA:461,0
DA:462,0
DA:468,1
DA:469,43
DA:474,0
DA:476,43
DA:478,0
DA:481,1
DA:482,0
DA:483,0
DA:484,0
DA:486,1
DA:487,0
DA:488,0
DA:489,0
DA:492,1
DA:493,43
DA:496,43
DA:497,43
DA:499,43
DA:500,43
DA:502,43
DA:503,43
DA:505,0
DA:508,0
DA:511,1
DA:512,17
DA:515,2
DA:516,2
DA:517,2
DA:518,2
DA:520,0
DA:521,0
DA:524,2
DA:525,2
DA:526,2
DA:527,2
DA:533,2
DA:534,2
DA:535,2
DA:536,2
DA:538,0
DA:541,2
DA:542,2
DA:543,2
DA:544,2
DA:549,2
DA:550,2
DA:551,2
DA:552,2
DA:555,2
DA:556,2
DA:557,2
DA:563,2
DA:564,2
DA:565,2
DA:566,2
DA:569,3
DA:570,3
DA:571,3
DA:576,1
DA:577,0
DA:578,0
DA:579,0
DA:581,0
DA:582,0
DA:584,0
DA:586,0
DA:587,0
DA:588,0
DA:593,1
DA:594,26
DA:595,26
DA:597,1
DA:598,10
DA:599,10
DA:601,1
DA:603,1
DA:606,1
DA:609,1
DA:612,1
DA:615,1
DA:618,1
DA:621,1
DA:624,1
DA:627,1
DA:630,1
DA:633,1
DA:636,0
DA:639,1
LF:312
LH:252
BRDA:38,0,0,43
BRDA:38,0,1,43
BRDA:47,1,0,43
BRDA:47,1,1,0
BRDA:102,2,0,65
BRDA:102,2,1,14
BRDA:124,3,0,0
BRDA:124,3,1,0
BRDA:249,4,0,25
BRDA:249,4,1,1
BRDA:294,5,0,13
BRDA:294,5,1,0
BRDA:294,5,2,0
BRDA:462,6,0,0
BRDA:462,6,1,0
BRDA:471,7,0,43
BRDA:471,7,1,43
BRDA:483,8,0,0
BRDA:483,8,1,0
BRDA:519,9,0,2
BRDA:519,9,1,0
BRDA:537,10,0,2
BRDA:537,10,1,0
BRF:23
BRH:12
end_of_record
TN:
SF:/home/aspl/Desktop/code-coverage/Avyantra/src/app/dashboard/search/search.component.ts
FN:37,SearchComponent
FN:45,(anonymous_2)
FN:49,(anonymous_3)
FN:52,(anonymous_4)
FN:58,(anonymous_5)
FN:93,(anonymous_9)
FN:96,(anonymous_10)
FN:105,(anonymous_11)
FN:108,(anonymous_12)
FN:112,(anonymous_13)
FN:117,(anonymous_14)
FN:128,(anonymous_15)
FN:165,(anonymous_16)
FN:177,(anonymous_17)
FN:193,(anonymous_18)
FN:206,(anonymous_19)
FN:215,(anonymous_20)
FN:222,(anonymous_21)
FNF:18
FNH:11
FNDA:19,SearchComponent
FNDA:19,(anonymous_2)
FNDA:20,(anonymous_3)
FNDA:19,(anonymous_4)
FNDA:19,(anonymous_5)
FNDA:0,(anonymous_9)
FNDA:0,(anonymous_10)
FNDA:0,(anonymous_11)
FNDA:0,(anonymous_12)
FNDA:1,(anonymous_13)
FNDA:0,(anonymous_14)
FNDA:2,(anonymous_15)
FNDA:1,(anonymous_16)
FNDA:2,(anonymous_17)
FNDA:2,(anonymous_18)
FNDA:0,(anonymous_19)
FNDA:0,(anonymous_20)
FNDA:1,(anonymous_21)
DA:20,1
DA:22,19
DA:23,19
DA:24,19
DA:25,19
DA:26,19
DA:28,19
DA:29,19
DA:30,19
DA:31,19
DA:34,19
DA:36,19
DA:38,19
DA:39,19
DA:40,19
DA:41,19
DA:42,19
DA:45,19
DA:46,19
DA:47,19
DA:48,19
DA:49,19
DA:50,20
DA:52,19
DA:54,0
DA:58,1
DA:59,19
DA:69,1
DA:70,0
DA:71,0
DA:73,0
DA:76,0
DA:77,0
DA:78,0
DA:91,0
DA:92,0
DA:94,0
DA:97,0
DA:101,0
DA:102,0
DA:105,1
DA:106,0
DA:108,1
DA:109,0
DA:112,1
DA:113,1
DA:114,1
DA:118,0
DA:128,1
DA:129,2
DA:131,1
DA:133,0
DA:134,0
DA:135,0
DA:137,0
DA:138,0
DA:142,1
DA:146,0
DA:147,0
DA:151,1
DA:152,1
DA:165,1
DA:166,1
DA:168,1
DA:177,1
DA:178,2
DA:183,1
DA:185,1
DA:193,1
DA:194,2
DA:199,1
DA:201,1
DA:206,1
DA:207,0
DA:209,0
DA:211,0
DA:215,1
DA:216,0
DA:222,1
DA:223,1
DA:224,1
DA:225,1
DA:226,1
DA:227,1
DA:228,1
DA:229,1
DA:230,1
DA:231,1
DA:232,1
DA:233,1
DA:234,1
DA:238,1
DA:240,0
DA:243,1
DA:245,0
DA:247,1
DA:248,1
DA:250,1
LF:98
LH:69
BRDA:76,0,0,0
BRDA:76,0,1,0
BRDA:180,1,0,2
BRDA:180,1,1,1
BRDA:196,2,0,2
BRDA:196,2,1,1
BRF:6
BRH:4
end_of_record
TN:
SF:/home/aspl/Desktop/code-coverage/Avyantra/src/app/dashboard/user-info/user-info.component.ts
FN:14,UserInfoComponent
FN:17,(anonymous_2)
FN:19,(anonymous_3)
FN:25,(anonymous_4)
FN:31,(anonymous_5)
FNF:5
FNH:2
FNDA:1,UserInfoComponent
FNDA:1,(anonymous_2)
FNDA:0,(anonymous_3)
FNDA:0,(anonymous_4)
FNDA:0,(anonymous_5)
DA:11,1
DA:12,1
DA:14,1
DA:15,1
DA:17,1
DA:18,1
DA:19,1
DA:20,0
DA:25,1
DA:28,0
DA:31,1
DA:32,0
DA:33,0
DA:35,1
LF:14
LH:10
BRF:0
BRH:0
end_of_record
TN:
SF:/home/aspl/Desktop/code-coverage/Avyantra/src/app/forget/forget.component.ts
FN:21,ForgetComponent
FN:32,(anonymous_2)
FN:44,(anonymous_3)
FN:49,(anonymous_4)
FN:60,(anonymous_5)
FN:71,(anonymous_6)
FN:81,(anonymous_7)
FN:87,(anonymous_8)
FN:99,(anonymous_9)
FN:104,(anonymous_10)
FN:110,(anonymous_11)
FNF:11
FNH:7
FNDA:9,ForgetComponent
FNDA:9,(anonymous_2)
FNDA:11,(anonymous_3)
FNDA:9,(anonymous_4)
FNDA:1,(anonymous_5)
FNDA:0,(anonymous_6)
FNDA:0,(anonymous_7)
FNDA:1,(anonymous_8)
FNDA:0,(anonymous_9)
FNDA:0,(anonymous_10)
FNDA:1,(anonymous_11)
DA:13,1
DA:16,9
DA:17,9
DA:18,9
DA:19,9
DA:22,9
DA:23,9
DA:24,9
DA:25,9
DA:26,9
DA:32,1
DA:33,9
DA:34,9
DA:35,9
DA:36,9
DA:37,9
DA:44,1
DA:45,11
DA:49,1
DA:50,9
DA:60,1
DA:61,1
DA:63,1
DA:66,0
DA:67,0
DA:70,0
DA:73,0
DA:76,0
DA:77,0
DA:82,0
DA:87,1
DA:88,1
DA:90,1
DA:93,0
DA:94,0
DA:95,0
DA:98,0
DA:100,0
DA:101,0
DA:102,0
DA:105,0
DA:110,1
DA:112,1
DA:118,0
DA:120,1
DA:122,1
LF:46
LH:30
BRDA:114,0,0,1
BRDA:114,0,1,0
BRDA:114,0,2,0
BRF:3
BRH:1
end_of_record
TN:
SF:/home/aspl/Desktop/code-coverage/Avyantra/src/app/hospital-branch/hospital-branch.component.ts
FN:27,HospitalBranchComponent
FN:29,(anonymous_2)
FN:36,(anonymous_3)
FN:55,(anonymous_4)
FN:62,(anonymous_5)
FN:63,(anonymous_6)
FN:76,(anonymous_7)
FN:83,(anonymous_8)
FN:84,(anonymous_9)
FN:95,(anonymous_10)
FN:100,(anonymous_11)
FN:104,(anonymous_12)
FNF:12
FNH:12
FNDA:13,HospitalBranchComponent
FNDA:13,(anonymous_2)
FNDA:13,(anonymous_3)
FNDA:1,(anonymous_4)
FNDA:1,(anonymous_5)
FNDA:1,(anonymous_6)
FNDA:1,(anonymous_7)
FNDA:13,(anonymous_8)
FNDA:13,(anonymous_9)
FNDA:13,(anonymous_10)
FNDA:1,(anonymous_11)
FNDA:14,(anonymous_12)
DA:14,1
DA:17,13
DA:18,13
DA:21,13
DA:22,13
DA:25,13
DA:26,13
DA:27,13
DA:29,1
DA:30,13
DA:31,13
DA:32,13
DA:33,13
DA:36,1
DA:37,13
DA:38,13
DA:39,13
DA:55,1
DA:57,1
DA:59,0
DA:62,1
DA:63,1
DA:65,0
DA:66,0
DA:67,0
DA:68,0
DA:71,1
DA:76,1
DA:77,1
DA:78,1
DA:79,1
DA:80,1
DA:83,13
DA:84,13
DA:86,13
DA:89,0
DA:90,0
DA:95,1
DA:96,13
DA:97,13
DA:100,1
DA:101,1
DA:104,1
DA:106,0
DA:109,13
DA:113,1
LF:46
LH:38
BRF:0
BRH:0
end_of_record
TN:
SF:/home/aspl/Desktop/code-coverage/Avyantra/src/app/hospital-connect/hospital-connect.component.ts
FN:20,HospitalConnectComponent
FN:22,(anonymous_2)
FN:28,(anonymous_3)
FN:32,(anonymous_4)
FN:33,(anonymous_5)
FN:40,(anonymous_6)
FN:41,(anonymous_7)
FN:50,(anonymous_8)
FN:61,(anonymous_9)
FN:66,(anonymous_10)
FN:70,(anonymous_11)
FN:71,(anonymous_12)
FNF:12
FNH:9
FNDA:4,HospitalConnectComponent
FNDA:4,(anonymous_2)
FNDA:4,(anonymous_3)
FNDA:4,(anonymous_4)
FNDA:0,(anonymous_5)
FNDA:4,(anonymous_6)
FNDA:4,(anonymous_7)
FNDA:4,(anonymous_8)
FNDA:1,(anonymous_9)
FNDA:1,(anonymous_10)
FNDA:0,(anonymous_11)
FNDA:0,(anonymous_12)
DA:13,1
DA:14,4
DA:15,4
DA:16,4
DA:20,4
DA:22,1
DA:23,4
DA:24,4
DA:25,4
DA:28,1
DA:29,4
DA:30,4
DA:32,4
DA:33,4
DA:35,0
DA:40,4
DA:41,4
DA:43,4
DA:44,4
DA:45,4
DA:50,1
DA:52,0
DA:55,4
DA:58,0
DA:61,1
DA:62,1
DA:63,1
DA:64,1
DA:66,1
DA:67,1
DA:70,1
DA:71,0
DA:73,0
DA:74,0
DA:79,1
LF:35
LH:29
BRF:0
BRH:0
end_of_record
TN:
SF:/home/aspl/Desktop/code-coverage/Avyantra/src/app/hospital-staff/hospital-staff.component.ts
FN:22,HospitalStaffComponent
FN:40,(anonymous_2)
FN:50,(anonymous_3)
FN:65,(anonymous_4)
FN:74,(anonymous_5)
FN:85,(anonymous_6)
FN:89,(anonymous_7)
FN:92,(anonymous_8)
FN:98,(anonymous_9)
FN:103,(anonymous_10)
FN:114,(anonymous_11)
FN:119,(anonymous_12)
FN:120,(anonymous_13)
FN:126,(anonymous_14)
FN:127,(anonymous_15)
FN:133,(anonymous_16)
FN:134,(anonymous_17)
FN:140,(anonymous_18)
FN:154,(anonymous_19)
FN:155,(anonymous_20)
FN:165,(anonymous_21)
FN:168,(anonymous_22)
FN:173,(anonymous_23)
FN:174,(anonymous_24)
FN:184,(anonymous_25)
FN:203,(anonymous_26)
FN:208,(anonymous_27)
FN:220,(anonymous_28)
FN:224,(anonymous_29)
FN:227,(anonymous_30)
FN:236,(anonymous_31)
FNF:31
FNH:22
FNDA:18,HospitalStaffComponent
FNDA:18,(anonymous_2)
FNDA:19,(anonymous_3)
FNDA:22,(anonymous_4)
FNDA:1,(anonymous_5)
FNDA:1,(anonymous_6)
FNDA:0,(anonymous_7)
FNDA:0,(anonymous_8)
FNDA:1,(anonymous_9)
FNDA:0,(anonymous_10)
FNDA:18,(anonymous_11)
FNDA:19,(anonymous_12)
FNDA:19,(anonymous_13)
FNDA:19,(anonymous_14)
FNDA:19,(anonymous_15)
FNDA:19,(anonymous_16)
FNDA:19,(anonymous_17)
FNDA:0,(anonymous_18)
FNDA:0,(anonymous_19)
FNDA:0,(anonymous_20)
FNDA:1,(anonymous_21)
FNDA:1,(anonymous_22)
FNDA:19,(anonymous_23)
FNDA:0,(anonymous_24)
FNDA:2,(anonymous_25)
FNDA:1,(anonymous_26)
FNDA:0,(anonymous_27)
FNDA:3,(anonymous_28)
FNDA:0,(anonymous_29)
FNDA:1,(anonymous_30)
FNDA:1,(anonymous_31)
DA:15,1
DA:19,18
DA:20,18
DA:21,18
DA:22,18
DA:23,18
DA:24,18
DA:25,18
DA:26,18
DA:29,18
DA:30,18
DA:31,18
DA:33,18
DA:35,18
DA:36,18
DA:38,18
DA:39,18
DA:40,1
DA:41,18
DA:42,18
DA:43,18
DA:44,18
DA:45,18
DA:46,18
DA:47,18
DA:48,18
DA:50,1
DA:51,19
DA:65,1
DA:66,22
DA:74,1
DA:76,0
DA:77,0
DA:78,0
DA:80,1
DA:81,1
DA:82,1
DA:85,1
DA:86,1
DA:87,1
DA:89,1
DA:90,0
DA:92,1
DA:93,0
DA:94,0
DA:95,0
DA:96,0
DA:98,1
DA:100,1
DA:102,0
DA:103,0
DA:105,0
DA:106,0
DA:107,0
DA:108,0
DA:110,0
DA:114,1
DA:115,18
DA:116,18
DA:117,18
DA:119,19
DA:120,19
DA:122,19
DA:126,19
DA:127,19
DA:129,19
DA:133,19
DA:134,19
DA:136,19
DA:140,1
DA:142,0
DA:145,0
DA:148,0
DA:151,0
DA:154,1
DA:155,0
DA:157,0
DA:160,0
DA:161,0
DA:165,1
DA:166,1
DA:168,1
DA:169,1
DA:170,1
DA:171,1
DA:173,19
DA:174,19
DA:176,0
DA:177,0
DA:179,0
DA:180,0
DA:184,1
DA:185,2
DA:186,2
DA:187,2
DA:188,2
DA:189,2
DA:203,1
DA:205,1
DA:207,0
DA:208,0
DA:210,0
DA:211,0
DA:212,0
DA:213,0
DA:214,0
DA:215,0
DA:217,0
DA:220,1
DA:221,3
DA:222,3
DA:223,3
DA:224,0
DA:225,3
DA:227,1
DA:228,1
DA:229,1
DA:230,1
DA:231,1
DA:232,1
DA:233,1
DA:234,1
DA:236,1
DA:237,1
DA:239,0
DA:242,0
DA:245,1
LF:127
LH:88
BRF:0
BRH:0
end_of_record
TN:
SF:/home/aspl/Desktop/code-coverage/Avyantra/src/app/login/login.component.ts
FN:24,LoginComponent
FN:35,(anonymous_2)
FN:57,(anonymous_6)
FN:60,(anonymous_7)
FN:66,(anonymous_8)
FN:88,(anonymous_9)
FN:95,(anonymous_10)
FN:100,(anonymous_11)
FN:105,(anonymous_12)
FN:110,(anonymous_13)
FN:122,(anonymous_14)
FNF:11
FNH:5
FNDA:6,LoginComponent
FNDA:6,(anonymous_2)
FNDA:0,(anonymous_6)
FNDA:0,(anonymous_7)
FNDA:0,(anonymous_8)
FNDA:0,(anonymous_9)
FNDA:1,(anonymous_10)
FNDA:1,(anonymous_11)
FNDA:0,(anonymous_12)
FNDA:0,(anonymous_13)
FNDA:2,(anonymous_14)
DA:17,1
DA:19,6
DA:20,6
DA:21,6
DA:22,6
DA:23,6
DA:25,6
DA:26,6
DA:27,6
DA:28,6
DA:29,6
DA:30,6
DA:31,6
DA:35,1
DA:36,6
DA:37,6
DA:43,0
DA:49,1
DA:50,0
DA:52,0
DA:54,0
DA:55,0
DA:56,0
DA:58,0
DA:61,0
DA:66,1
DA:67,0
DA:69,0
DA:74,0
DA:75,0
DA:77,0
DA:79,0
DA:80,0
DA:81,0
DA:83,0
DA:84,0
DA:88,1
DA:90,0
DA:92,0
DA:95,1
DA:96,1
DA:97,1
DA:100,1
DA:101,1
DA:102,1
DA:105,1
DA:106,0
DA:107,0
DA:110,1
DA:112,0
DA:115,0
DA:118,0
DA:122,1
DA:124,1
DA:125,1
DA:126,1
DA:128,1
DA:129,1
DA:130,1
DA:133,1
LF:60
LH:35
BRDA:73,0,0,0
BRDA:73,0,1,0
BRDA:89,1,0,0
BRDA:89,1,1,0
BRDA:111,2,0,0
BRDA:111,2,1,0
BRF:6
BRH:0
end_of_record
TN:
SF:/home/aspl/Desktop/code-coverage/Avyantra/src/app/medical-records/medical-records.component.ts
FN:36,MedicalRecordsComponent
FN:40,(anonymous_2)
FN:48,(anonymous_3)
FN:67,(anonymous_4)
FN:88,(anonymous_5)
FN:100,(anonymous_6)
FN:105,(anonymous_7)
FN:111,(anonymous_8)
FN:115,(anonymous_9)
FN:126,(anonymous_10)
FN:131,(anonymous_11)
FN:146,(anonymous_12)
FN:161,(anonymous_13)
FN:166,(anonymous_14)
FN:170,(anonymous_15)
FN:171,(anonymous_16)
FN:181,(anonymous_17)
FN:187,(anonymous_18)
FN:191,(anonymous_19)
FN:192,(anonymous_20)
FN:202,(anonymous_21)
FN:203,(anonymous_22)
FN:209,(anonymous_23)
FNF:23
FNH:13
FNDA:12,MedicalRecordsComponent
FNDA:12,(anonymous_2)
FNDA:12,(anonymous_3)
FNDA:1,(anonymous_4)
FNDA:0,(anonymous_5)
FNDA:0,(anonymous_6)
FNDA:12,(anonymous_7)
FNDA:1,(anonymous_8)
FNDA:0,(anonymous_9)
FNDA:1,(anonymous_10)
FNDA:0,(anonymous_11)
FNDA:0,(anonymous_12)
FNDA:0,(anonymous_13)
FNDA:0,(anonymous_14)
FNDA:0,(anonymous_15)
FNDA:0,(anonymous_16)
FNDA:1,(anonymous_17)
FNDA:1,(anonymous_18)
FNDA:13,(anonymous_19)
FNDA:0,(anonymous_20)
FNDA:12,(anonymous_21)
FNDA:12,(anonymous_22)
FNDA:1,(anonymous_23)
DA:15,1
DA:19,12
DA:20,12
DA:26,12
DA:27,12
DA:28,12
DA:29,12
DA:31,12
DA:33,12
DA:34,12
DA:35,12
DA:36,12
DA:37,12
DA:38,12
DA:40,1
DA:41,12
DA:42,12
DA:43,12
DA:44,12
DA:45,12
DA:48,1
DA:49,12
DA:67,1
DA:68,1
DA:69,1
DA:70,1
DA:88,1
DA:90,0
DA:91,0
DA:94,0
DA:95,0
DA:96,0
DA:100,1
DA:101,0
DA:102,0
DA:105,1
DA:106,12
DA:107,12
DA:108,12
DA:111,1
DA:113,1
DA:115,0
DA:117,0
DA:118,0
DA:119,0
DA:121,0
DA:126,1
DA:128,1
DA:131,0
DA:133,0
DA:134,0
DA:135,0
DA:136,0
DA:137,0
DA:138,0
DA:141,0
DA:146,1
DA:148,0
DA:151,0
DA:154,0
DA:157,0
DA:161,1
DA:162,0
DA:163,0
DA:166,1
DA:167,0
DA:170,1
DA:171,0
DA:173,0
DA:175,0
DA:176,0
DA:181,1
DA:182,1
DA:183,1
DA:184,1
DA:187,1
DA:188,1
DA:191,13
DA:192,13
DA:194,0
DA:195,0
DA:197,0
DA:198,0
DA:202,12
DA:203,12
DA:205,12
DA:209,1
DA:210,1
DA:211,1
DA:212,1
DA:215,1
LF:91
LH:56
BRF:0
BRH:0
end_of_record
TN:
SF:/home/aspl/Desktop/code-coverage/Avyantra/src/app/message-center/message-center.component.ts
FN:29,MessageCenterComponent
FN:33,(anonymous_2)
FN:38,(anonymous_3)
FN:43,(anonymous_4)
FN:75,(anonymous_5)
FN:102,(anonymous_6)
FN:135,(anonymous_7)
FN:136,(anonymous_8)
FN:145,(anonymous_9)
FN:156,(anonymous_10)
FN:157,(anonymous_11)
FN:166,(anonymous_12)
FN:167,(anonymous_13)
FN:176,(anonymous_14)
FN:179,(anonymous_15)
FN:192,(anonymous_16)
FN:193,(anonymous_17)
FN:207,(anonymous_18)
FN:219,(anonymous_19)
FN:222,(anonymous_20)
FN:223,(anonymous_21)
FN:232,(anonymous_22)
FN:234,(anonymous_23)
FN:246,(anonymous_24)
FN:247,(anonymous_25)
FN:255,(anonymous_26)
FN:256,(anonymous_27)
FN:264,(anonymous_28)
FN:265,(anonymous_29)
FN:273,(anonymous_30)
FN:277,(anonymous_31)
FN:283,(anonymous_32)
FN:284,(anonymous_33)
FNF:33
FNH:25
FNDA:18,MessageCenterComponent
FNDA:18,(anonymous_2)
FNDA:18,(anonymous_3)
FNDA:20,(anonymous_4)
FNDA:0,(anonymous_5)
FNDA:10,(anonymous_6)
FNDA:1,(anonymous_7)
FNDA:1,(anonymous_8)
FNDA:0,(anonymous_9)
FNDA:1,(anonymous_10)
FNDA:0,(anonymous_11)
FNDA:1,(anonymous_12)
FNDA:0,(anonymous_13)
FNDA:1,(anonymous_14)
FNDA:0,(anonymous_15)
FNDA:1,(anonymous_16)
FNDA:0,(anonymous_17)
FNDA:3,(anonymous_18)
FNDA:1,(anonymous_19)
FNDA:1,(anonymous_20)
FNDA:1,(anonymous_21)
FNDA:1,(anonymous_22)
FNDA:0,(anonymous_23)
FNDA:1,(anonymous_24)
FNDA:1,(anonymous_25)
FNDA:1,(anonymous_26)
FNDA:1,(anonymous_27)
FNDA:1,(anonymous_28)
FNDA:1,(anonymous_29)
FNDA:0,(anonymous_30)
FNDA:1,(anonymous_31)
FNDA:1,(anonymous_32)
FNDA:1,(anonymous_33)
DA:12,1
DA:13,18
DA:15,18
DA:18,18
DA:19,18
DA:22,18
DA:23,18
DA:24,18
DA:25,18
DA:27,18
DA:28,18
DA:29,18
DA:30,1
DA:31,1
DA:33,1
DA:34,18
DA:35,18
DA:36,18
DA:38,1
DA:39,18
DA:40,18
DA:43,1
DA:45,0
DA:46,0
DA:47,0
DA:48,0
DA:49,0
DA:52,0
DA:53,0
DA:54,0
DA:55,0
DA:56,0
DA:59,0
DA:60,0
DA:61,0
DA:62,0
DA:63,0
DA:64,0
DA:67,0
DA:68,0
DA:69,0
DA:70,0
DA:71,0
DA:75,1
DA:76,0
DA:77,0
DA:78,0
DA:80,0
DA:83,0
DA:86,0
DA:89,0
DA:92,0
DA:95,0
DA:98,0
DA:102,1
DA:104,1
DA:107,1
DA:110,1
DA:113,1
DA:116,1
DA:119,1
DA:122,1
DA:125,1
DA:128,1
DA:131,1
DA:135,1
DA:136,1
DA:138,0
DA:140,1
DA:145,1
DA:146,0
DA:147,0
DA:148,0
DA:149,0
DA:150,0
DA:151,0
DA:152,0
DA:156,1
DA:157,1
DA:159,0
DA:161,0
DA:166,1
DA:167,1
DA:169,0
DA:171,0
DA:176,1
DA:178,0
DA:179,0
DA:181,0
DA:182,0
DA:183,0
DA:184,0
DA:186,0
DA:192,1
DA:193,1
DA:195,0
DA:196,0
DA:198,0
DA:201,0
DA:202,0
DA:207,1
DA:209,3
DA:210,3
DA:213,0
DA:214,0
DA:216,0
DA:219,1
DA:220,1
DA:222,1
DA:223,1
DA:225,0
DA:227,1
DA:232,1
DA:234,1
DA:236,0
DA:238,0
DA:239,0
DA:243,0
DA:246,1
DA:247,1
DA:249,0
DA:251,1
DA:255,1
DA:256,1
DA:258,0
DA:260,1
DA:264,1
DA:265,1
DA:267,0
DA:269,1
DA:273,1
DA:274,0
DA:277,1
DA:279,0
DA:281,1
DA:283,1
DA:284,1
DA:286,0
DA:288,1
DA:293,1
LF:140
LH:71
BRDA:79,0,0,0
BRDA:79,0,1,0
BRDA:82,1,0,0
BRDA:82,1,1,0
BRDA:85,2,0,0
BRDA:85,2,1,0
BRDA:85,2,2,0
BRDA:88,3,0,0
BRDA:88,3,1,0
BRDA:91,4,0,0
BRDA:91,4,1,0
BRF:11
BRH:0
end_of_record
TN:
SF:/home/aspl/Desktop/code-coverage/Avyantra/src/app/my-profile/my-profile.component.ts
FN:25,MyProfileComponent
FN:30,(anonymous_2)
FN:36,(anonymous_3)
FN:54,(anonymous_4)
FN:71,(anonymous_5)
FN:77,(anonymous_6)
FN:78,(anonymous_7)
FN:88,(anonymous_8)
FN:92,(anonymous_9)
FN:105,(anonymous_10)
FN:109,(anonymous_11)
FN:118,(anonymous_12)
FNF:12
FNH:7
FNDA:6,MyProfileComponent
FNDA:6,(anonymous_2)
FNDA:6,(anonymous_3)
FNDA:0,(anonymous_4)
FNDA:6,(anonymous_5)
FNDA:6,(anonymous_6)
FNDA:6,(anonymous_7)
FNDA:0,(anonymous_8)
FNDA:0,(anonymous_9)
FNDA:0,(anonymous_10)
FNDA:6,(anonymous_11)
FNDA:0,(anonymous_12)
DA:14,1
DA:18,6
DA:19,6
DA:20,6
DA:21,6
DA:22,6
DA:23,6
DA:25,6
DA:26,6
DA:27,6
DA:28,6
DA:29,6
DA:30,1
DA:31,6
DA:32,6
DA:33,6
DA:36,1
DA:37,6
DA:54,1
DA:55,0
DA:56,0
DA:71,1
DA:72,6
DA:73,6
DA:77,6
DA:78,6
DA:80,6
DA:83,0
DA:88,1
DA:90,0
DA:92,0
DA:94,0
DA:95,0
DA:96,0
DA:99,0
DA:105,1
DA:106,0
DA:109,1
DA:111,6
DA:114,0
DA:118,1
DA:120,0
DA:121,0
DA:122,0
DA:124,0
DA:125,0
DA:126,0
DA:130,1
LF:48
LH:31
BRF:0
BRH:0
end_of_record
TN:
SF:/home/aspl/Desktop/code-coverage/Avyantra/src/app/profile/branch-admin-profile/branch-admin-profile.component.ts
FN:24,BranchAdminProfileComponent
FN:26,(anonymous_2)
FN:32,(anonymous_3)
FN:49,(anonymous_4)
FN:55,(anonymous_5)
FN:56,(anonymous_6)
FN:63,(anonymous_7)
FN:65,(anonymous_8)
FN:75,(anonymous_9)
FN:84,(anonymous_10)
FN:100,(anonymous_11)
FN:104,(anonymous_12)
FNF:12
FNH:9
FNDA:8,BranchAdminProfileComponent
FNDA:8,(anonymous_2)
FNDA:8,(anonymous_3)
FNDA:8,(anonymous_4)
FNDA:8,(anonymous_5)
FNDA:8,(anonymous_6)
FNDA:0,(anonymous_7)
FNDA:0,(anonymous_8)
FNDA:8,(anonymous_9)
FNDA:0,(anonymous_10)
FNDA:1,(anonymous_11)
FNDA:1,(anonymous_12)
DA:12,1
DA:15,8
DA:16,8
DA:18,8
DA:19,8
DA:20,8
DA:21,8
DA:22,8
DA:23,8
DA:24,8
DA:26,1
DA:27,8
DA:28,8
DA:29,8
DA:32,1
DA:33,8
DA:49,1
DA:50,8
DA:51,8
DA:52,8
DA:55,8
DA:56,8
DA:58,8
DA:63,1
DA:65,0
DA:67,0
DA:68,0
DA:69,0
DA:75,1
DA:77,8
DA:80,0
DA:84,1
DA:85,0
DA:86,0
DA:100,1
DA:101,1
DA:104,1
DA:106,0
DA:107,0
DA:108,0
DA:110,1
DA:111,1
DA:112,1
DA:115,1
LF:44
LH:34
BRF:0
BRH:0
end_of_record
TN:
SF:/home/aspl/Desktop/code-coverage/Avyantra/src/app/profile/referral-profile/referral-profile.component.ts
FN:30,ReferralProfileComponent
FN:34,(anonymous_2)
FN:40,(anonymous_3)
FN:55,(anonymous_4)
FN:73,(anonymous_5)
FN:80,(anonymous_6)
FN:81,(anonymous_7)
FN:90,(anonymous_8)
FN:94,(anonymous_9)
FN:106,(anonymous_10)
FN:110,(anonymous_11)
FN:119,(anonymous_12)
FN:132,(anonymous_13)
FNF:13
FNH:9
FNDA:12,ReferralProfileComponent
FNDA:12,(anonymous_2)
FNDA:12,(anonymous_3)
FNDA:1,(anonymous_4)
FNDA:12,(anonymous_5)
FNDA:12,(anonymous_6)
FNDA:12,(anonymous_7)
FNDA:0,(anonymous_8)
FNDA:0,(anonymous_9)
FNDA:1,(anonymous_10)
FNDA:12,(anonymous_11)
FNDA:0,(anonymous_12)
FNDA:0,(anonymous_13)
DA:14,1
DA:18,12
DA:19,12
DA:20,12
DA:21,12
DA:23,12
DA:24,12
DA:26,12
DA:27,12
DA:28,12
DA:30,12
DA:31,12
DA:32,12
DA:34,1
DA:35,12
DA:36,12
DA:37,12
DA:40,1
DA:41,12
DA:55,1
DA:56,1
DA:57,1
DA:73,1
DA:74,12
DA:75,12
DA:76,12
DA:80,12
DA:81,12
DA:83,12
DA:85,0
DA:90,1
DA:92,0
DA:94,0
DA:96,0
DA:97,0
DA:98,0
DA:100,0
DA:106,1
DA:107,1
DA:110,1
DA:112,12
DA:115,0
DA:119,1
DA:121,0
DA:122,0
DA:123,0
DA:125,0
DA:126,0
DA:127,0
DA:132,1
DA:134,0
DA:136,0
DA:139,1
LF:53
LH:37
BRF:0
BRH:0
end_of_record
TN:
SF:/home/aspl/Desktop/code-coverage/Avyantra/src/app/profile/staff-profile/staff-profile.component.ts
FN:28,StaffProfileComponent
FN:35,(anonymous_2)
FN:41,(anonymous_3)
FN:59,(anonymous_4)
FN:78,(anonymous_5)
FN:85,(anonymous_6)
FN:86,(anonymous_7)
FN:95,(anonymous_8)
FN:100,(anonymous_9)
FN:112,(anonymous_10)
FN:116,(anonymous_11)
FN:125,(anonymous_12)
FNF:12
FNH:6
FNDA:11,StaffProfileComponent
FNDA:11,(anonymous_2)
FNDA:11,(anonymous_3)
FNDA:0,(anonymous_4)
FNDA:11,(anonymous_5)
FNDA:11,(anonymous_6)
FNDA:0,(anonymous_7)
FNDA:0,(anonymous_8)
FNDA:0,(anonymous_9)
FNDA:1,(anonymous_10)
FNDA:0,(anonymous_11)
FNDA:0,(anonymous_12)
DA:14,1
DA:19,11
DA:20,11
DA:21,11
DA:22,11
DA:23,11
DA:24,11
DA:25,11
DA:26,11
DA:28,11
DA:29,11
DA:30,11
DA:32,11
DA:33,11
DA:35,1
DA:36,11
DA:37,11
DA:38,11
DA:41,1
DA:42,11
DA:59,1
DA:60,0
DA:61,0
DA:78,1
DA:79,11
DA:80,11
DA:81,11
DA:82,11
DA:85,11
DA:86,11
DA:88,0
DA:90,0
DA:95,1
DA:96,0
DA:98,0
DA:100,0
DA:102,0
DA:103,0
DA:104,0
DA:106,0
DA:112,1
DA:113,1
DA:116,1
DA:118,0
DA:121,0
DA:125,1
DA:127,0
DA:128,0
DA:129,0
DA:131,0
DA:132,0
DA:133,0
DA:137,1
LF:53
LH:34
BRF:0
BRH:0
end_of_record
TN:
SF:/home/aspl/Desktop/code-coverage/Avyantra/src/app/referral-doctor-staff/referral-doctor-staff.component.ts
FN:33,ReferralDoctorStaffComponent
FN:35,(anonymous_2)
FN:43,(anonymous_3)
FN:57,(anonymous_4)
FN:62,(anonymous_5)
FN:67,(anonymous_6)
FN:71,(anonymous_7)
FN:75,(anonymous_8)
FN:81,(anonymous_9)
FN:82,(anonymous_10)
FN:89,(anonymous_11)
FN:93,(anonymous_12)
FN:104,(anonymous_13)
FN:105,(anonymous_14)
FN:115,(anonymous_15)
FN:121,(anonymous_16)
FN:125,(anonymous_17)
FN:126,(anonymous_18)
FN:137,(anonymous_19)
FN:149,(anonymous_20)
FNF:20
FNH:11
FNDA:12,ReferralDoctorStaffComponent
FNDA:12,(anonymous_2)
FNDA:12,(anonymous_3)
FNDA:0,(anonymous_4)
FNDA:0,(anonymous_5)
FNDA:0,(anonymous_6)
FNDA:0,(anonymous_7)
FNDA:12,(anonymous_8)
FNDA:12,(anonymous_9)
FNDA:12,(anonymous_10)
FNDA:0,(anonymous_11)
FNDA:0,(anonymous_12)
FNDA:12,(anonymous_13)
FNDA:12,(anonymous_14)
FNDA:0,(anonymous_15)
FNDA:0,(anonymous_16)
FNDA:12,(anonymous_17)
FNDA:12,(anonymous_18)
FNDA:24,(anonymous_19)
FNDA:0,(anonymous_20)
DA:16,1
DA:20,12
DA:23,12
DA:24,12
DA:25,12
DA:26,12
DA:30,12
DA:31,12
DA:33,12
DA:35,1
DA:36,12
DA:37,12
DA:38,12
DA:39,12
DA:40,12
DA:43,1
DA:44,12
DA:57,1
DA:58,0
DA:59,0
DA:62,1
DA:63,0
DA:64,0
DA:67,1
DA:68,0
DA:71,1
DA:72,0
DA:75,1
DA:76,12
DA:77,12
DA:78,12
DA:81,12
DA:82,12
DA:84,12
DA:89,1
DA:91,0
DA:93,0
DA:95,0
DA:96,0
DA:97,0
DA:99,0
DA:104,12
DA:105,12
DA:107,12
DA:109,0
DA:110,0
DA:115,1
DA:116,0
DA:117,0
DA:118,0
DA:121,1
DA:122,0
DA:125,12
DA:126,12
DA:128,12
DA:129,12
DA:131,0
DA:132,0
DA:137,1
DA:139,0
DA:142,12
DA:145,12
DA:149,1
DA:150,0
DA:152,0
DA:155,0
DA:159,1
LF:67
LH:43
BRF:0
BRH:0
end_of_record
TN:
SF:/home/aspl/Desktop/code-coverage/Avyantra/src/app/referral-signup/referral-signup.component.ts
FN:18,ReferralSignupComponent
FN:26,(anonymous_2)
FN:31,(anonymous_3)
FN:53,(anonymous_7)
FN:56,(anonymous_8)
FN:61,(anonymous_9)
FN:68,(anonymous_10)
FNF:7
FNH:5
FNDA:13,ReferralSignupComponent
FNDA:13,(anonymous_2)
FNDA:13,(anonymous_3)
FNDA:0,(anonymous_7)
FNDA:0,(anonymous_8)
FNDA:1,(anonymous_9)
FNDA:1,(anonymous_10)
DA:12,1
DA:14,13
DA:15,13
DA:16,13
DA:19,13
DA:20,13
DA:21,13
DA:22,13
DA:23,13
DA:26,1
DA:27,13
DA:28,13
DA:31,1
DA:32,13
DA:46,1
DA:47,0
DA:49,0
DA:51,0
DA:52,0
DA:54,0
DA:57,0
DA:61,1
DA:63,1
DA:64,1
DA:68,1
DA:69,1
DA:70,1
DA:73,1
LF:28
LH:22
BRF:0
BRH:0
end_of_record
TN:
SF:/home/aspl/Desktop/code-coverage/Avyantra/src/app/settings/settings.component.ts
FN:20,SettingsComponent
FN:22,(anonymous_2)
FN:33,(anonymous_3)
FN:35,(anonymous_4)
FN:45,(anonymous_5)
FN:46,(anonymous_6)
FN:55,(anonymous_7)
FN:56,(anonymous_8)
FN:66,(anonymous_9)
FN:68,(anonymous_10)
FN:77,(anonymous_11)
FN:78,(anonymous_12)
FN:87,(anonymous_13)
FN:88,(anonymous_14)
FN:98,(anonymous_15)
FN:101,(anonymous_16)
FN:110,(anonymous_17)
FN:118,(anonymous_18)
FN:122,(anonymous_19)
FN:123,(anonymous_20)
FN:131,(anonymous_21)
FN:132,(anonymous_22)
FN:141,(anonymous_23)
FN:145,(anonymous_24)
FN:150,(anonymous_25)
FN:151,(anonymous_26)
FN:161,(anonymous_27)
FN:166,(anonymous_28)
FN:167,(anonymous_29)
FN:176,(anonymous_30)
FN:179,(anonymous_31)
FN:194,(anonymous_32)
FN:215,(anonymous_33)
FN:226,(anonymous_34)
FN:230,(anonymous_35)
FN:234,(anonymous_36)
FN:238,(anonymous_37)
FN:242,(anonymous_38)
FN:245,(anonymous_39)
FN:249,(anonymous_40)
FN:251,(anonymous_41)
FN:260,(anonymous_42)
FN:263,(anonymous_43)
FN:272,(anonymous_44)
FN:276,(anonymous_45)
FNF:45
FNH:23
FNDA:18,SettingsComponent
FNDA:19,(anonymous_2)
FNDA:0,(anonymous_3)
FNDA:0,(anonymous_4)
FNDA:18,(anonymous_5)
FNDA:0,(anonymous_6)
FNDA:0,(anonymous_7)
FNDA:0,(anonymous_8)
FNDA:0,(anonymous_9)
FNDA:0,(anonymous_10)
FNDA:18,(anonymous_11)
FNDA:0,(anonymous_12)
FNDA:0,(anonymous_13)
FNDA:0,(anonymous_14)
FNDA:2,(anonymous_15)
FNDA:1,(anonymous_16)
FNDA:2,(anonymous_17)
FNDA:1,(anonymous_18)
FNDA:0,(anonymous_19)
FNDA:0,(anonymous_20)
FNDA:0,(anonymous_21)
FNDA:0,(anonymous_22)
FNDA:1,(anonymous_23)
FNDA:1,(anonymous_24)
FNDA:18,(anonymous_25)
FNDA:0,(anonymous_26)
FNDA:18,(anonymous_27)
FNDA:18,(anonymous_28)
FNDA:0,(anonymous_29)
FNDA:1,(anonymous_30)
FNDA:3,(anonymous_31)
FNDA:7,(anonymous_32)
FNDA:0,(anonymous_33)
FNDA:1,(anonymous_34)
FNDA:0,(anonymous_35)
FNDA:1,(anonymous_36)
FNDA:1,(anonymous_37)
FNDA:1,(anonymous_38)
FNDA:1,(anonymous_39)
FNDA:0,(anonymous_40)
FNDA:0,(anonymous_41)
FNDA:0,(anonymous_42)
FNDA:0,(anonymous_43)
FNDA:1,(anonymous_44)
FNDA:1,(anonymous_45)
DA:13,1
DA:14,18
DA:15,18
DA:16,18
DA:17,18
DA:18,1
DA:19,1
DA:20,18
DA:22,1
DA:23,19
DA:24,19
DA:25,19
DA:26,19
DA:27,19
DA:28,19
DA:29,19
DA:30,19
DA:31,19
DA:33,1
DA:35,0
DA:37,0
DA:38,0
DA:39,0
DA:41,0
DA:43,0
DA:45,18
DA:46,18
DA:48,0
DA:50,0
DA:51,0
DA:55,1
DA:56,0
DA:58,0
DA:59,0
DA:60,0
DA:62,0
DA:66,1
DA:68,0
DA:70,0
DA:71,0
DA:72,0
DA:73,0
DA:74,0
DA:77,18
DA:78,18
DA:80,0
DA:82,0
DA:83,0
DA:87,1
DA:88,0
DA:90,0
DA:91,0
DA:92,0
DA:94,0
DA:98,1
DA:101,1
DA:104,0
DA:105,1
DA:106,0
DA:107,1
DA:110,1
DA:112,1
DA:114,1
DA:118,1
DA:119,1
DA:120,1
DA:122,1
DA:123,0
DA:125,0
DA:127,0
DA:131,1
DA:132,0
DA:134,0
DA:136,0
DA:137,0
DA:141,1
DA:142,1
DA:143,1
DA:145,1
DA:146,1
DA:147,1
DA:148,1
DA:150,18
DA:151,18
DA:153,0
DA:154,0
DA:156,0
DA:157,0
DA:161,1
DA:162,18
DA:163,18
DA:164,18
DA:166,18
DA:167,18
DA:169,0
DA:172,0
DA:176,1
DA:177,1
DA:179,1
DA:180,3
DA:182,1
DA:183,1
DA:186,1
DA:187,1
DA:190,1
DA:191,1
DA:194,1
DA:195,1
DA:196,0
DA:198,1
DA:199,1
DA:201,1
DA:202,0
DA:204,1
DA:205,1
DA:207,1
DA:208,1
DA:209,0
DA:210,0
DA:212,1
DA:213,1
DA:215,1
DA:217,0
DA:220,0
DA:222,0
DA:223,0
DA:224,0
DA:226,1
DA:227,1
DA:230,1
DA:231,0
DA:234,1
DA:235,1
DA:238,1
DA:239,1
DA:242,1
DA:243,1
DA:245,1
DA:246,1
DA:249,1
DA:250,0
DA:251,0
DA:253,0
DA:254,0
DA:255,0
DA:256,0
DA:257,0
DA:260,1
DA:261,0
DA:262,0
DA:263,0
DA:265,0
DA:266,0
DA:267,0
DA:268,0
DA:269,0
DA:272,1
DA:273,1
DA:276,1
DA:277,1
DA:278,1
DA:279,1
DA:280,1
DA:282,1
LF:164
LH:96
BRF:0
BRH:0
end_of_record
TN:
SF:/home/aspl/Desktop/code-coverage/Avyantra/src/app/shared/constant/app-constant.ts
FN:3,AppConstant
FNF:1
FNH:1
FNDA:182,AppConstant
DA:6,1
DA:7,182
DA:8,182
DA:9,182
DA:10,182
DA:11,182
DA:12,182
DA:13,182
DA:14,182
DA:16,182
DA:17,182
DA:18,182
DA:19,182
DA:20,182
DA:21,182
DA:23,182
DA:24,182
DA:25,182
DA:26,182
DA:30,182
DA:31,182
DA:32,182
DA:33,182
DA:34,1
LF:24
LH:24
BRF:0
BRH:0
end_of_record
TN:
SF:/home/aspl/Desktop/code-coverage/Avyantra/src/app/shared/core/util.ts
FN:4,Util
FN:8,(anonymous_2)
FN:12,(anonymous_3)
FN:16,(anonymous_4)
FN:20,(anonymous_5)
FN:24,(anonymous_6)
FNF:6
FNH:3
FNDA:21,Util
FNDA:0,(anonymous_2)
FNDA:0,(anonymous_3)
FNDA:0,(anonymous_4)
FNDA:1,(anonymous_5)
FNDA:1,(anonymous_6)
DA:5,1
DA:6,21
DA:7,21
DA:8,1
DA:9,0
DA:12,1
DA:13,0
DA:16,1
DA:17,0
DA:20,1
DA:21,1
DA:24,1
DA:25,1
DA:27,1
LF:14
LH:11
BRF:0
BRH:0
end_of_record
TN:
SF:/home/aspl/Desktop/code-coverage/Avyantra/src/app/shared/core/components/footer/footer.component.ts
FN:10,FooterComponent
FN:12,(anonymous_2)
FNF:2
FNH:2
FNDA:1,FooterComponent
FNDA:1,(anonymous_2)
DA:8,1
DA:12,1
DA:15,1
LF:3
LH:3
BRF:0
BRH:0
end_of_record
TN:
SF:/home/aspl/Desktop/code-coverage/Avyantra/src/app/shared/core/components/top-nav-bar/top-nav-bar.component.ts
FN:14,TopNavBarComponent
FN:25,(anonymous_2)
FN:35,(anonymous_3)
FN:45,(anonymous_4)
FN:61,(anonymous_5)
FN:65,(anonymous_6)
FN:80,(anonymous_7)
FNF:7
FNH:7
FNDA:18,TopNavBarComponent
FNDA:18,(anonymous_2)
FNDA:1,(anonymous_3)
FNDA:1,(anonymous_4)
FNDA:1,(anonymous_5)
FNDA:361,(anonymous_6)
FNDA:37,(anonymous_7)
DA:12,1
DA:14,18
DA:17,18
DA:21,18
DA:22,18
DA:23,18
DA:24,18
DA:25,1
DA:26,18
DA:27,18
DA:28,18
DA:29,18
DA:31,0
DA:35,1
DA:36,1
DA:37,1
DA:38,1
DA:39,1
DA:40,1
DA:41,1
DA:42,1
DA:45,1
DA:47,0
DA:50,0
DA:53,0
DA:56,0
DA:61,1
DA:62,1
DA:65,1
DA:67,0
DA:70,0
DA:73,0
DA:76,0
DA:80,1
DA:82,0
DA:84,37
DA:87,1
LF:37
LH:27
BRF:0
BRH:0
end_of_record
TN:
SF:/home/aspl/Desktop/code-coverage/Avyantra/src/app/shared/guards/auth.guard.ts
FN:13,AuthGuard
FN:16,(anonymous_2)
FNF:2
FNH:0
FNDA:0,AuthGuard
FNDA:0,(anonymous_2)
DA:11,1
DA:14,0
DA:16,1
DA:19,0
DA:21,0
DA:24,0
DA:25,0
DA:28,1
LF:8
LH:3
BRF:0
BRH:0
end_of_record
TN:
SF:/home/aspl/Desktop/code-coverage/Avyantra/src/app/shared/helper/app.helper.ts
FN:6,AppHelper
FN:12,(anonymous_2)
FN:25,(anonymous_3)
FN:46,(anonymous_4)
FN:55,(anonymous_5)
FN:59,(anonymous_6)
FNF:6
FNH:4
FNDA:139,AppHelper
FNDA:157,(anonymous_2)
FNDA:9,(anonymous_3)
FNDA:0,(anonymous_4)
FNDA:17,(anonymous_5)
FNDA:0,(anonymous_6)
DA:4,1
DA:6,139
DA:12,1
DA:14,157
DA:16,148
DA:18,9
DA:25,1
DA:26,9
DA:30,1
DA:33,0
DA:37,0
DA:46,1
DA:47,0
DA:49,0
DA:51,0
DA:55,1
DA:56,17
DA:59,1
DA:60,0
DA:61,0
DA:66,1
LF:21
LH:14
BRDA:15,0,0,157
BRDA:15,0,1,149
BRDA:27,1,0,9
BRDA:27,1,1,1
BRDA:29,2,0,1
BRDA:29,2,1,1
BRDA:48,3,0,0
BRDA:48,3,1,0
BRF:8
BRH:6
end_of_record
TN:
SF:/home/aspl/Desktop/code-coverage/Avyantra/src/app/shared/pipes/date-level.pipe.ts
FN:6,DateLevelPipe
FN:8,(anonymous_2)
FN:11,(anonymous_3)
FNF:3
FNH:0
FNDA:0,DateLevelPipe
FNDA:0,(anonymous_2)
FNDA:0,(anonymous_3)
DA:6,1
DA:8,1
DA:9,0
DA:10,0
DA:11,0
DA:12,0
DA:13,0
DA:14,0
DA:15,0
DA:16,0
DA:17,0
DA:18,0
DA:19,0
DA:21,0
DA:24,1
LF:15
LH:3
BRDA:14,0,0,0
BRDA:14,0,1,0
BRDA:16,1,0,0
BRDA:16,1,1,0
BRDA:17,2,0,0
BRDA:17,2,1,0
BRF:6
BRH:0
end_of_record
TN:
SF:/home/aspl/Desktop/code-coverage/Avyantra/src/app/shared/pipes/encrypt-password.pipe.ts
FN:6,passwordPipe
FN:7,(anonymous_2)
FNF:2
FNH:2
FNDA:38,passwordPipe
FNDA:1,(anonymous_2)
DA:6,1
DA:7,1
DA:8,1
DA:9,1
DA:11,1
LF:5
LH:5
BRF:0
BRH:0
end_of_record
TN:
SF:/home/aspl/Desktop/code-coverage/Avyantra/src/app/shared/pipes/user-type.pipe.ts
FN:7,userTypePipe
FN:8,(anonymous_2)
FNF:2
FNH:1
FNDA:12,userTypePipe
FNDA:0,(anonymous_2)
DA:6,1
DA:7,12
DA:8,1
DA:10,0
DA:13,0
DA:16,0
DA:19,1
LF:7
LH:4
BRF:0
BRH:0
end_of_record
TN:
SF:/home/aspl/Desktop/code-coverage/Avyantra/src/app/shared/service/data.service.ts
FN:4,DataService
FN:15,(anonymous_2)
FN:19,(anonymous_3)
FN:23,(anonymous_4)
FN:27,(anonymous_5)
FN:31,(anonymous_6)
FNF:6
FNH:5
FNDA:265,DataService
FNDA:2,(anonymous_2)
FNDA:516,(anonymous_3)
FNDA:1,(anonymous_4)
FNDA:1,(anonymous_5)
FNDA:0,(anonymous_6)
DA:5,1
DA:7,265
DA:9,265
DA:10,265
DA:12,265
DA:13,265
DA:15,1
DA:16,2
DA:19,1
DA:20,516
DA:23,1
DA:24,1
DA:27,1
DA:28,1
DA:31,1
DA:32,0
DA:34,1
LF:17
LH:16
BRF:0
BRH:0
end_of_record
TN:
SF:/home/aspl/Desktop/code-coverage/Avyantra/src/app/shared/service/login.service.ts
FN:13,LoginService
FN:17,(anonymous_2)
FN:21,(anonymous_3)
FN:25,(anonymous_4)
FN:29,(anonymous_5)
FN:33,(anonymous_6)
FN:43,(anonymous_7)
FNF:7
FNH:7
FNDA:37,LoginService
FNDA:1,(anonymous_2)
FNDA:1,(anonymous_3)
FNDA:2,(anonymous_4)
FNDA:1,(anonymous_5)
FNDA:1,(anonymous_6)
FNDA:6,(anonymous_7)
DA:10,1
DA:11,37
DA:12,37
DA:13,37
DA:17,1
DA:18,1
DA:21,1
DA:22,1
DA:25,1
DA:26,2
DA:29,1
DA:30,1
DA:33,1
DA:34,1
DA:35,1
DA:36,1
DA:43,12
DA:49,6
DA:51,1
LF:19
LH:19
BRDA:43,0,0,6
BRDA:43,0,1,0
BRF:2
BRH:1
end_of_record
TN:
SF:/home/aspl/Desktop/code-coverage/Avyantra/src/app/shared/service/reading-data.service.ts
FN:34,ReadingDataService
FN:36,(anonymous_2)
FN:40,(anonymous_3)
FN:44,(anonymous_4)
FN:48,(anonymous_5)
FN:52,(anonymous_6)
FN:56,(anonymous_7)
FN:60,(anonymous_8)
FN:64,(anonymous_9)
FN:67,(anonymous_10)
FN:82,(anonymous_11)
FN:87,(anonymous_12)
FN:91,(anonymous_13)
FN:105,(anonymous_14)
FN:113,(anonymous_15)
FN:127,(anonymous_16)
FN:131,(anonymous_17)
FN:135,(anonymous_18)
FNF:18
FNH:13
FNDA:278,ReadingDataService
FNDA:180,(anonymous_2)
FNDA:10,(anonymous_3)
FNDA:2,(anonymous_4)
FNDA:0,(anonymous_5)
FNDA:6,(anonymous_6)
FNDA:12,(anonymous_7)
FNDA:5,(anonymous_8)
FNDA:1,(anonymous_9)
FNDA:1,(anonymous_10)
FNDA:766,(anonymous_11)
FNDA:5,(anonymous_12)
FNDA:1,(anonymous_13)
FNDA:1,(anonymous_14)
FNDA:0,(anonymous_15)
FNDA:0,(anonymous_16)
FNDA:0,(anonymous_17)
FNDA:0,(anonymous_18)
DA:8,1
DA:9,278
DA:10,278
DA:12,278
DA:13,278
DA:24,278
DA:25,278
DA:26,278
DA:28,278
DA:29,278
DA:31,278
DA:32,278
DA:36,1
DA:37,180
DA:40,1
DA:41,10
DA:44,1
DA:45,2
DA:48,1
DA:49,0
DA:52,1
DA:53,6
DA:56,1
DA:57,12
DA:60,1
DA:61,5
DA:64,1
DA:65,1
DA:67,1
DA:79,1
DA:82,1
DA:83,766
DA:87,1
DA:88,5
DA:91,1
DA:92,1
DA:105,1
DA:106,1
DA:107,1
DA:108,1
DA:113,1
DA:114,0
DA:127,1
DA:128,0
DA:131,1
DA:132,0
DA:135,1
DA:136,0
DA:139,1
LF:49
LH:44
BRF:0
BRH:0
end_of_record
TN:
SF:/home/aspl/Desktop/code-coverage/Avyantra/src/app/shared/service/common/common.service.ts
FN:16,CommonService
FN:18,(anonymous_2)
FN:22,(anonymous_3)
FN:25,(anonymous_4)
FN:28,(anonymous_5)
FN:31,(anonymous_6)
FN:34,(anonymous_7)
FN:37,(anonymous_8)
FN:40,(anonymous_9)
FN:43,(anonymous_10)
FN:46,(anonymous_11)
FN:49,(anonymous_12)
FN:52,(anonymous_13)
FN:55,(anonymous_14)
FN:58,(anonymous_15)
FN:64,(anonymous_16)
FN:67,(anonymous_17)
FN:70,(anonymous_18)
FN:73,(anonymous_19)
FN:76,(anonymous_20)
FN:79,(anonymous_21)
FN:82,(anonymous_22)
FN:85,(anonymous_23)
FN:88,(anonymous_24)
FN:91,(anonymous_25)
FN:94,(anonymous_26)
FN:97,(anonymous_27)
FN:103,(anonymous_28)
FN:106,(anonymous_29)
FN:109,(anonymous_30)
FN:112,(anonymous_31)
FN:115,(anonymous_32)
FN:118,(anonymous_33)
FN:121,(anonymous_34)
FN:124,(anonymous_35)
FN:127,(anonymous_36)
FN:130,(anonymous_37)
FN:133,(anonymous_38)
FN:136,(anonymous_39)
FN:139,(anonymous_40)
FN:142,(anonymous_41)
FN:145,(anonymous_42)
FN:148,(anonymous_43)
FN:151,(anonymous_44)
FN:154,(anonymous_45)
FN:157,(anonymous_46)
FN:160,(anonymous_47)
FN:163,(anonymous_48)
FN:166,(anonymous_49)
FN:169,(anonymous_50)
FN:172,(anonymous_51)
FN:175,(anonymous_52)
FN:178,(anonymous_53)
FN:181,(anonymous_54)
FN:184,(anonymous_55)
FN:187,(anonymous_56)
FN:190,(anonymous_57)
FN:193,(anonymous_58)
FN:196,(anonymous_59)
FN:199,(anonymous_60)
FN:202,(anonymous_61)
FN:205,(anonymous_62)
FN:208,(anonymous_63)
FN:211,(anonymous_64)
FN:214,(anonymous_65)
FN:217,(anonymous_66)
FN:221,(anonymous_67)
FN:224,(anonymous_68)
FN:227,(anonymous_69)
FN:230,(anonymous_70)
FN:233,(anonymous_71)
FN:236,(anonymous_72)
FN:239,(anonymous_73)
FN:242,(anonymous_74)
FN:245,(anonymous_75)
FN:248,(anonymous_76)
FN:251,(anonymous_77)
FN:254,(anonymous_78)
FN:257,(anonymous_79)
FN:260,(anonymous_80)
FNF:80
FNH:24
FNDA:405,CommonService
FNDA:0,(anonymous_2)
FNDA:0,(anonymous_3)
FNDA:0,(anonymous_4)
FNDA:16,(anonymous_5)
FNDA:0,(anonymous_6)
FNDA:0,(anonymous_7)
FNDA:0,(anonymous_8)
FNDA:83,(anonymous_9)
FNDA:0,(anonymous_10)
FNDA:4,(anonymous_11)
FNDA:0,(anonymous_12)
FNDA:0,(anonymous_13)
FNDA:0,(anonymous_14)
FNDA:0,(anonymous_15)
FNDA:0,(anonymous_16)
FNDA:0,(anonymous_17)
FNDA:0,(anonymous_18)
FNDA:0,(anonymous_19)
FNDA:0,(anonymous_20)
FNDA:0,(anonymous_21)
FNDA:0,(anonymous_22)
FNDA:0,(anonymous_23)
FNDA:0,(anonymous_24)
FNDA:0,(anonymous_25)
FNDA:0,(anonymous_26)
FNDA:368,(anonymous_27)
FNDA:0,(anonymous_28)
FNDA:0,(anonymous_29)
FNDA:0,(anonymous_30)
FNDA:0,(anonymous_31)
FNDA:0,(anonymous_32)
FNDA:0,(anonymous_33)
FNDA:0,(anonymous_34)
FNDA:1,(anonymous_35)
FNDA:63,(anonymous_36)
FNDA:0,(anonymous_37)
FNDA:37,(anonymous_38)
FNDA:0,(anonymous_39)
FNDA:0,(anonymous_40)
FNDA:0,(anonymous_41)
FNDA:0,(anonymous_42)
FNDA:49,(anonymous_43)
FNDA:0,(anonymous_44)
FNDA:0,(anonymous_45)
FNDA:0,(anonymous_46)
FNDA:37,(anonymous_47)
FNDA:0,(anonymous_48)
FNDA:0,(anonymous_49)
FNDA:0,(anonymous_50)
FNDA:0,(anonymous_51)
FNDA:19,(anonymous_52)
FNDA:0,(anonymous_53)
FNDA:6,(anonymous_54)
FNDA:11,(anonymous_55)
FNDA:12,(anonymous_56)
FNDA:0,(anonymous_57)
FNDA:0,(anonymous_58)
FNDA:0,(anonymous_59)
FNDA:0,(anonymous_60)
FNDA:12,(anonymous_61)
FNDA:12,(anonymous_62)
FNDA:8,(anonymous_63)
FNDA:0,(anonymous_64)
FNDA:4,(anonymous_65)
FNDA:4,(anonymous_66)
FNDA:1,(anonymous_67)
FNDA:0,(anonymous_68)
FNDA:0,(anonymous_69)
FNDA:0,(anonymous_70)
FNDA:0,(anonymous_71)
FNDA:1,(anonymous_72)
FNDA:1,(anonymous_73)
FNDA:2,(anonymous_74)
FNDA:0,(anonymous_75)
FNDA:1,(anonymous_76)
FNDA:0,(anonymous_77)
FNDA:0,(anonymous_78)
FNDA:0,(anonymous_79)
FNDA:0,(anonymous_80)
DA:10,1
DA:11,405
DA:12,405
DA:13,405
DA:14,405
DA:16,405
DA:18,1
DA:19,0
DA:22,1
DA:23,0
DA:25,1
DA:26,0
DA:28,1
DA:29,16
DA:31,1
DA:32,0
DA:34,1
DA:35,0
DA:37,1
DA:38,0
DA:40,1
DA:41,83
DA:43,1
DA:44,0
DA:46,1
DA:47,4
DA:49,1
DA:50,0
DA:52,1
DA:53,0
DA:55,1
DA:56,0
DA:58,1
DA:59,0
DA:64,1
DA:65,0
DA:67,1
DA:68,0
DA:70,1
DA:71,0
DA:73,1
DA:74,0
DA:76,1
DA:77,0
DA:79,1
DA:80,0
DA:82,1
DA:83,0
DA:85,1
DA:86,0
DA:88,1
DA:89,0
DA:91,1
DA:92,0
DA:94,1
DA:95,0
DA:97,736
DA:101,368
DA:103,1
DA:104,0
DA:106,1
DA:107,0
DA:109,1
DA:110,0
DA:112,1
DA:113,0
DA:115,1
DA:116,0
DA:118,1
DA:119,0
DA:121,1
DA:122,0
DA:124,1
DA:125,1
DA:127,1
DA:128,63
DA:130,1
DA:131,0
DA:133,1
DA:134,37
DA:136,1
DA:137,0
DA:139,1
DA:140,0
DA:142,1
DA:143,0
DA:145,1
DA:146,0
DA:148,1
DA:149,49
DA:151,1
DA:152,0
DA:154,1
DA:155,0
DA:157,1
DA:158,0
DA:160,1
DA:161,37
DA:163,1
DA:164,0
DA:166,1
DA:167,0
DA:169,1
DA:170,0
DA:172,1
DA:173,0
DA:175,1
DA:176,19
DA:178,1
DA:179,0
DA:181,1
DA:182,6
DA:184,1
DA:185,11
DA:187,1
DA:188,12
DA:190,1
DA:191,0
DA:193,1
DA:194,0
DA:196,1
DA:197,0
DA:199,1
DA:200,0
DA:202,1
DA:203,12
DA:205,1
DA:206,12
DA:208,1
DA:209,8
DA:211,1
DA:212,0
DA:214,1
DA:215,4
DA:217,1
DA:218,4
DA:221,1
DA:222,1
DA:224,1
DA:225,0
DA:227,1
DA:228,0
DA:230,1
DA:231,0
DA:233,1
DA:234,0
DA:236,1
DA:237,1
DA:239,1
DA:240,1
DA:242,1
DA:243,2
DA:245,1
DA:246,0
DA:248,1
DA:249,1
DA:251,1
DA:252,0
DA:254,1
DA:255,0
DA:257,1
DA:258,0
DA:260,1
DA:261,0
DA:263,1
LF:165
LH:109
BRDA:34,0,0,0
BRDA:34,0,1,0
BRDA:64,1,0,0
BRDA:64,1,1,0
BRDA:97,2,0,368
BRDA:97,2,1,0
BRF:6
BRH:1
end_of_record
TN:
SF:/home/aspl/Desktop/code-coverage/Avyantra/src/app/shared/service/common/common.ts
FN:4,Common
FN:8,(anonymous_2)
FN:11,(anonymous_3)
FN:15,(anonymous_4)
FNF:4
FNH:2
FNDA:293,Common
FNDA:0,(anonymous_2)
FNDA:129,(anonymous_3)
FNDA:0,(anonymous_4)
DA:5,1
DA:6,293
DA:8,1
DA:9,0
DA:11,1
DA:12,129
DA:15,1
DA:16,0
DA:18,1
LF:9
LH:7
BRF:0
BRH:0
end_of_record
TN:
SF:/home/aspl/Desktop/code-coverage/Avyantra/src/app/signup/signup.component.ts
FN:22,SignupComponent
FN:30,(anonymous_2)
FN:53,(anonymous_6)
FN:56,(anonymous_7)
FN:68,(anonymous_8)
FN:91,(anonymous_9)
FN:103,(anonymous_10)
FN:119,(anonymous_11)
FN:132,(anonymous_12)
FN:141,(anonymous_13)
FN:153,(anonymous_14)
FNF:11
FNH:4
FNDA:3,SignupComponent
FNDA:3,(anonymous_2)
FNDA:0,(anonymous_6)
FNDA:0,(anonymous_7)
FNDA:0,(anonymous_8)
FNDA:0,(anonymous_9)
FNDA:0,(anonymous_10)
FNDA:0,(anonymous_11)
FNDA:0,(anonymous_12)
FNDA:6,(anonymous_13)
FNDA:1,(anonymous_14)
DA:13,1
DA:15,3
DA:16,3
DA:17,3
DA:19,3
DA:20,3
DA:23,3
DA:24,3
DA:25,3
DA:26,3
DA:27,3
DA:30,1
DA:31,3
DA:32,3
DA:45,1
DA:46,0
DA:48,0
DA:50,0
DA:51,0
DA:52,0
DA:54,0
DA:57,0
DA:68,1
DA:69,0
DA:72,0
DA:73,0
DA:76,0
DA:78,0
DA:91,1
DA:92,0
DA:94,0
DA:103,1
DA:104,0
DA:109,0
DA:111,0
DA:119,1
DA:120,0
DA:125,0
DA:127,0
DA:132,1
DA:133,0
DA:135,0
DA:137,0
DA:141,1
DA:142,6
DA:148,0
DA:150,6
DA:153,1
DA:154,1
DA:155,1
DA:157,1
LF:51
LH:27
BRDA:106,0,0,0
BRDA:106,0,1,0
BRDA:122,1,0,0
BRDA:122,1,1,0
BRDA:144,2,0,6
BRDA:144,2,1,0
BRDA:144,2,2,0
BRF:7
BRH:1
end_of_record
TN:
SF:/home/aspl/Desktop/code-coverage/Avyantra/src/app/user-dashboards/hospital-admin/hospital-admin.component.ts
FN:11,HospitalAdminComponent
FN:13,(anonymous_2)
FNF:2
FNH:0
FNDA:0,HospitalAdminComponent
FNDA:0,(anonymous_2)
DA:9,1
DA:11,0
DA:13,1
DA:14,0
DA:17,1
LF:5
LH:3
BRF:0
BRH:0
end_of_record
TN:
SF:/home/aspl/Desktop/code-coverage/Avyantra/src/app/user-dashboards/hospital-admin/hospital-admin-info/hospital-admin-info.component.ts
FN:15,HospitalAdminInfoComponent
FN:17,(anonymous_2)
FN:22,(anonymous_3)
FN:23,(anonymous_4)
FN:33,(anonymous_5)
FN:39,(anonymous_6)
FNF:6
FNH:4
FNDA:1,HospitalAdminInfoComponent
FNDA:1,(anonymous_2)
FNDA:1,(anonymous_3)
FNDA:0,(anonymous_4)
FNDA:1,(anonymous_5)
FNDA:0,(anonymous_6)
DA:11,1
DA:13,1
DA:15,1
DA:16,1
DA:17,1
DA:18,1
DA:19,1
DA:22,1
DA:23,1
DA:25,0
DA:28,0
DA:33,1
DA:34,1
DA:35,1
DA:36,1
DA:39,1
DA:40,0
DA:41,0
DA:42,0
DA:44,1
LF:20
LH:15
BRF:0
BRH:0
end_of_record
TN:
SF:/home/aspl/Desktop/code-coverage/Avyantra/src/app/user-dashboards/hospital-staff-dashboard/hospital-staff-dashboard.component.ts
FN:23,HospitalStaffDashboardComponent
FN:27,(anonymous_2)
FN:33,(anonymous_3)
FN:39,(anonymous_4)
FN:40,(anonymous_5)
FN:51,(anonymous_6)
FN:52,(anonymous_7)
FN:62,(anonymous_8)
FN:68,(anonymous_9)
FN:72,(anonymous_10)
FN:81,(anonymous_11)
FNF:11
FNH:10
FNDA:6,HospitalStaffDashboardComponent
FNDA:6,(anonymous_2)
FNDA:6,(anonymous_3)
FNDA:7,(anonymous_4)
FNDA:1,(anonymous_5)
FNDA:1,(anonymous_6)
FNDA:1,(anonymous_7)
FNDA:1,(anonymous_8)
FNDA:1,(anonymous_9)
FNDA:0,(anonymous_10)
FNDA:1,(anonymous_11)
DA:14,1
DA:17,6
DA:18,6
DA:20,6
DA:23,6
DA:24,6
DA:25,6
DA:27,1
DA:28,6
DA:29,6
DA:30,6
DA:33,1
DA:34,6
DA:35,6
DA:36,6
DA:39,7
DA:40,7
DA:42,0
DA:43,0
DA:45,1
DA:46,1
DA:51,1
DA:52,1
DA:54,0
DA:56,1
DA:57,1
DA:62,1
DA:63,1
DA:64,1
DA:65,1
DA:68,1
DA:69,1
DA:72,1
DA:74,0
DA:77,0
DA:81,1
DA:83,1
DA:84,1
DA:87,1
LF:39
LH:34
BRF:0
BRH:0
end_of_record
TN:
SF:/home/aspl/Desktop/code-coverage/Avyantra/src/app/user-dashboards/referral-doctor/referral-doctor.component.ts
FN:10,ReferralDoctorComponent
FN:12,(anonymous_2)
FNF:2
FNH:2
FNDA:1,ReferralDoctorComponent
FNDA:1,(anonymous_2)
DA:8,1
DA:12,1
DA:15,1
LF:3
LH:3
BRF:0
BRH:0
end_of_record
TN:
SF:/home/aspl/Desktop/code-coverage/Avyantra/src/environments/environment.ts
FNF:0
FNH:0
LF:0
LH:0
BRF:0
BRH:0
end_of_record
